{"C:\\Users\\DELL\\Desktop\\Companies\\Capgemini\\Project\\tv-app-final\\tv-app\\src\\App.vue": {"path":"C:\\Users\\DELL\\Desktop\\Companies\\Capgemini\\Project\\tv-app-final\\tv-app\\src\\App.vue","statementMap":{"0":{"start":{"line":4,"column":29},"end":{"line":4,"column":178}},"1":{"start":{"line":5,"column":0},"end":{"line":7,"column":3}},"2":{"start":{"line":8,"column":0},"end":{"line":8,"column":25}},"3":{"start":{"line":57,"column":0},"end":{"line":57,"column":13}},"4":{"start":{"line":59,"column":0},"end":{"line":61,"column":3}},"5":{"start":{"line":62,"column":0},"end":{"line":62,"column":24}},"6":{"start":{"line":63,"column":11},"end":{"line":63,"column":25}},"7":{"start":{"line":64,"column":19},"end":{"line":66,"column":1}},"8":{"start":{"line":67,"column":19},"end":{"line":69,"column":1}},"9":{"start":{"line":70,"column":19},"end":{"line":72,"column":1}},"10":{"start":{"line":74,"column":38},"end":{"line":74,"column":84}},"11":{"start":{"line":75,"column":33},"end":{"line":75,"column":74}},"12":{"start":{"line":76,"column":36},"end":{"line":76,"column":80}},"13":{"start":{"line":77,"column":2},"end":{"line":77,"column":477}},"14":{"start":{"line":78,"column":2},"end":{"line":78,"column":49}}},"fnMap":{"0":{"name":"render","decl":{"start":{"line":73,"column":9},"end":{"line":73,"column":15}},"loc":{"start":{"line":73,"column":30},"end":{"line":78,"column":1}},"line":73}},"branchMap":{"0":{"loc":{"start":{"line":77,"column":184},"end":{"line":77,"column":446}},"type":"cond-expr","locations":[{"start":{"line":77,"column":199},"end":{"line":77,"column":318}},{"start":{"line":77,"column":323},"end":{"line":77,"column":445}}],"line":77}},"s":{"0":1,"1":1,"2":1,"3":1,"4":1,"5":1,"6":1,"7":1,"8":1,"9":1,"10":5,"11":5,"12":5,"13":5,"14":1},"f":{"0":5},"b":{"0":[0,5]},"inputSourceMap":{"0":"{","1":"\"","2":"v","3":"e","4":"r","5":"s","6":"i","7":"o","8":"n","9":"\"","10":":","11":"3","12":",","13":"\"","14":"s","15":"o","16":"u","17":"r","18":"c","19":"e","20":"s","21":"\"","22":":","23":"[","24":"\"","25":"C","26":":","27":"\\","28":"\\","29":"U","30":"s","31":"e","32":"r","33":"s","34":"\\","35":"\\","36":"D","37":"E","38":"L","39":"L","40":"\\","41":"\\","42":"D","43":"e","44":"s","45":"k","46":"t","47":"o","48":"p","49":"\\","50":"\\","51":"C","52":"o","53":"m","54":"p","55":"a","56":"n","57":"i","58":"e","59":"s","60":"\\","61":"\\","62":"C","63":"a","64":"p","65":"g","66":"e","67":"m","68":"i","69":"n","70":"i","71":"\\","72":"\\","73":"P","74":"r","75":"o","76":"j","77":"e","78":"c","79":"t","80":"\\","81":"\\","82":"t","83":"v","84":"-","85":"a","86":"p","87":"p","88":"-","89":"f","90":"i","91":"n","92":"a","93":"l","94":"\\","95":"\\","96":"t","97":"v","98":"-","99":"a","100":"p","101":"p","102":"\\","103":"\\","104":"s","105":"r","106":"c","107":"\\","108":"\\","109":"A","110":"p","111":"p","112":".","113":"v","114":"u","115":"e","116":"\"","117":"]","118":",","119":"\"","120":"n","121":"a","122":"m","123":"e","124":"s","125":"\"","126":":","127":"[","128":"]","129":",","130":"\"","131":"m","132":"a","133":"p","134":"p","135":"i","136":"n","137":"g","138":"s","139":"\"","140":":","141":"\"","142":";","143":";","144":";","145":";","146":";","147":";","148":";","149":";","150":"A","151":"A","152":"a","153":"A","154":";","155":"A","156":"A","157":"A","158":"A","159":";","160":"A","161":"A","162":"A","163":"A","164":";","165":"A","166":"A","167":"C","168":"A","169":";","170":"A","171":"A","172":"A","173":"A","174":";","175":"A","176":"A","177":"A","178":"A","179":";","180":"A","181":"A","182":"C","183":"A","184":";","185":"A","186":"A","187":"A","188":"A","189":";","190":"A","191":"A","192":"A","193":"A","194":";","195":"A","196":"A","197":"A","198":"4","199":"C","200":";","201":"A","202":"A","203":"A","204":"A","205":",","206":"e","207":"A","208":"C","209":"7","210":"B","211":";","212":"E","213":"A","214":"C","215":"b","216":",","217":"I","218":"A","219":"A","220":"I","221":",","222":"E","223":"A","224":"A","225":"E","226":",","227":"K","228":"A","229":"A","230":"K","231":";","232":"E","233":"A","234":"C","235":"X","236":",","237":"U","238":"A","239":"A","240":"U","241":",","242":"E","243":"A","244":"A","245":"E","246":";","247":"I","248":"A","249":"C","250":"V","251":",","252":"e","253":"A","254":"A","255":"e","256":";","257":"I","258":"A","259":"A","260":"f","261":";","262":"I","263":"A","264":"A","265":"A","266":";","267":"I","268":"A","269":"A","270":"A","271":";","272":"I","273":"A","274":"A","275":"A","276":",","277":"O","278":"A","279":"A","280":"e","281":";","282":"I","283":"A","284":"C","285":"f","286":",","287":"Y","288":"A","289":"A","290":"Y","291":";","292":"I","293":"A","294":"A","295":"Z","296":";","297":"I","298":"A","299":"A","300":"A","301":";","302":"I","303":"A","304":"A","305":"A","306":";","307":"I","308":"A","309":"A","310":"A","311":";","312":"E","313":"A","314":"C","315":"F","316":",","317":"C","318":"A","319":"A","320":"C","321":";","322":"E","323":"A","324":"C","325":"D","326":",","327":"Q","328":"A","329":"A","330":"Q","331":",","332":"E","333":"A","334":"A","335":"E","336":";","337":"I","338":"A","339":"C","340":"R","341":";","342":"I","343":"A","344":"A","345":"G","346":";","347":"I","348":"A","349":"A","350":"A","351":";","352":"I","353":"A","354":"A","355":"A","356":";","357":"I","358":"A","359":"A","360":"A","361":";","362":"I","363":"A","364":"A","365":"A","366":";","367":"I","368":"A","369":"A","370":"A","371":",","372":"Q","373":"A","374":"A","375":"Q","376":",","377":"E","378":"A","379":"A","380":"C","381":",","382":"C","383":"A","384":"A","385":"C","386":",","387":"O","388":"A","389":"A","390":"O","391":",","392":"C","393":"A","394":"A","395":"C","396":";","397":"E","398":"A","399":"C","400":"v","401":"B","402":",","403":"C","404":"A","405":"A","406":"C","407":";","408":"E","409":"A","410":"C","411":"D","412":",","413":"O","414":"A","415":"A","416":"O","417":",","418":"E","419":"A","420":"A","421":"C","422":";","423":"I","424":"A","425":"C","426":"N","427":";","428":"I","429":"A","430":"A","431":"G","432":";","433":"I","434":"A","435":"A","436":"A","437":";","438":"I","439":"A","440":"A","441":"A","442":";","443":"I","444":"A","445":"A","446":"A","447":";","448":"I","449":"A","450":"A","451":"A","452":";","453":"I","454":"A","455":"A","456":"A","457":",","458":"U","459":"A","460":"A","461":"U","462":",","463":"E","464":"A","465":"A","466":"C","467":",","468":"C","469":"A","470":"A","471":"C","472":",","473":"U","474":"A","475":"A","476":"U","477":",","478":"C","479":"A","480":"A","481":"C","482":";","483":"E","484":"A","485":"C","486":"5","487":"B","488":",","489":"C","490":"A","491":"A","492":"C","493":";","494":"E","495":"A","496":"C","497":"D","498":",","499":"O","500":"A","501":"A","502":"O","503":",","504":"G","505":"A","506":"A","507":"G","508":";","509":"I","510":"A","511":"C","512":"R","513":",","514":"I","515":"A","516":"A","517":"I","518":",","519":"C","520":"A","521":"A","522":"C","523":",","524":"Q","525":"A","526":"A","527":"Q","528":",","529":"E","530":"A","531":"A","532":"E","533":";","534":"E","535":"A","536":"C","537":"j","538":"B","539":";","540":"A","541":"A","542":"C","543":"F","544":",","545":"C","546":"A","547":"A","548":"C","549":";","550":"A","551":"A","552":"A","553":"A","554":";","555":"A","556":"A","557":"A","558":"A","559":"\"","560":",","561":"\"","562":"f","563":"i","564":"l","565":"e","566":"\"","567":":","568":"\"","569":"C","570":":","571":"\\","572":"\\","573":"U","574":"s","575":"e","576":"r","577":"s","578":"\\","579":"\\","580":"D","581":"E","582":"L","583":"L","584":"\\","585":"\\","586":"D","587":"e","588":"s","589":"k","590":"t","591":"o","592":"p","593":"\\","594":"\\","595":"C","596":"o","597":"m","598":"p","599":"a","600":"n","601":"i","602":"e","603":"s","604":"\\","605":"\\","606":"C","607":"a","608":"p","609":"g","610":"e","611":"m","612":"i","613":"n","614":"i","615":"\\","616":"\\","617":"P","618":"r","619":"o","620":"j","621":"e","622":"c","623":"t","624":"\\","625":"\\","626":"t","627":"v","628":"-","629":"a","630":"p","631":"p","632":"-","633":"f","634":"i","635":"n","636":"a","637":"l","638":"\\","639":"\\","640":"t","641":"v","642":"-","643":"a","644":"p","645":"p","646":"\\","647":"\\","648":"s","649":"r","650":"c","651":"\\","652":"\\","653":"A","654":"p","655":"p","656":".","657":"v","658":"u","659":"e","660":"\"","661":",","662":"\"","663":"s","664":"o","665":"u","666":"r","667":"c","668":"e","669":"s","670":"C","671":"o","672":"n","673":"t","674":"e","675":"n","676":"t","677":"\"","678":":","679":"[","680":"\"","681":"<","682":"t","683":"e","684":"m","685":"p","686":"l","687":"a","688":"t","689":"e","690":">","691":"\\","692":"r","693":"\\","694":"n","695":" ","696":" ","697":"<","698":"h","699":"e","700":"a","701":"d","702":"e","703":"r","704":"-","705":"c","706":"o","707":"m","708":"p","709":"o","710":"n","711":"e","712":"n","713":"t","714":"/","715":">","716":"\\","717":"r","718":"\\","719":"n","720":" ","721":" ","722":"<","723":"d","724":"i","725":"v","726":" ","727":"c","728":"l","729":"a","730":"s","731":"s","732":"=","733":"\\","734":"\"","735":"b","736":"o","737":"d","738":"y","739":"-","740":"p","741":"a","742":"d","743":"d","744":"i","745":"n","746":"g","747":"\\","748":"\"","749":">","750":"\\","751":"r","752":"\\","753":"n","754":" ","755":" ","756":"<","757":"d","758":"i","759":"v","760":" ","761":"v","762":"-","763":"i","764":"f","765":"=","766":"\\","767":"\"","768":"!","769":"e","770":"r","771":"r","772":"o","773":"r","774":"\\","775":"\"","776":">","777":"\\","778":"r","779":"\\","780":"n","781":" ","782":" ","783":" ","784":" ","785":"<","786":"r","787":"o","788":"u","789":"t","790":"e","791":"r","792":"-","793":"v","794":"i","795":"e","796":"w","797":"/","798":">","799":"\\","800":"r","801":"\\","802":"n","803":" ","804":" ","805":"<","806":"/","807":"d","808":"i","809":"v","810":">","811":"\\","812":"r","813":"\\","814":"n","815":" ","816":" ","817":"<","818":"d","819":"i","820":"v","821":" ","822":"v","823":"-","824":"e","825":"l","826":"s","827":"e","828":">","829":"\\","830":"r","831":"\\","832":"n","833":" ","834":" ","835":" ","836":" ","837":"<","838":"p","839":"a","840":"g","841":"e","842":"-","843":"n","844":"o","845":"t","846":"-","847":"f","848":"o","849":"u","850":"n","851":"d","852":"/","853":">","854":"\\","855":"r","856":"\\","857":"n","858":" ","859":" ","860":"<","861":"/","862":"d","863":"i","864":"v","865":">","866":"\\","867":"r","868":"\\","869":"n","870":"<","871":"/","872":"d","873":"i","874":"v","875":">","876":"\\","877":"r","878":"\\","879":"n","880":"<","881":"/","882":"t","883":"e","884":"m","885":"p","886":"l","887":"a","888":"t","889":"e","890":">","891":"\\","892":"r","893":"\\","894":"n","895":"\\","896":"r","897":"\\","898":"n","899":"<","900":"s","901":"c","902":"r","903":"i","904":"p","905":"t","906":">","907":"\\","908":"r","909":"\\","910":"n","911":"i","912":"m","913":"p","914":"o","915":"r","916":"t","917":" ","918":"H","919":"e","920":"a","921":"d","922":"e","923":"r","924":"C","925":"o","926":"m","927":"p","928":"o","929":"n","930":"e","931":"n","932":"t","933":" ","934":"f","935":"r","936":"o","937":"m","938":" ","939":"'","940":".","941":"/","942":"c","943":"o","944":"m","945":"p","946":"o","947":"n","948":"e","949":"n","950":"t","951":"s","952":"/","953":"H","954":"e","955":"a","956":"d","957":"e","958":"r","959":"C","960":"o","961":"m","962":"p","963":"o","964":"n","965":"e","966":"n","967":"t","968":".","969":"v","970":"u","971":"e","972":"'","973":";","974":"\\","975":"r","976":"\\","977":"n","978":"i","979":"m","980":"p","981":"o","982":"r","983":"t","984":" ","985":"P","986":"a","987":"g","988":"e","989":"N","990":"o","991":"t","992":"F","993":"o","994":"u","995":"n","996":"d","997":" ","998":"f","999":"r","1000":"o","1001":"m","1002":" ","1003":"'","1004":".","1005":"/","1006":"v","1007":"i","1008":"e","1009":"w","1010":"s","1011":"/","1012":"P","1013":"a","1014":"g","1015":"e","1016":"N","1017":"o","1018":"t","1019":"F","1020":"o","1021":"u","1022":"n","1023":"d","1024":".","1025":"v","1026":"u","1027":"e","1028":"'","1029":";","1030":"\\","1031":"r","1032":"\\","1033":"n","1034":"i","1035":"m","1036":"p","1037":"o","1038":"r","1039":"t","1040":" ","1041":"{","1042":" ","1043":"m","1044":"a","1045":"p","1046":"S","1047":"t","1048":"a","1049":"t","1050":"e","1051":",","1052":" ","1053":"m","1054":"a","1055":"p","1056":"A","1057":"c","1058":"t","1059":"i","1060":"o","1061":"n","1062":"s","1063":" ","1064":"}","1065":" ","1066":"f","1067":"r","1068":"o","1069":"m","1070":" ","1071":"'","1072":"v","1073":"u","1074":"e","1075":"x","1076":"'","1077":";","1078":"\\","1079":"r","1080":"\\","1081":"n","1082":"e","1083":"x","1084":"p","1085":"o","1086":"r","1087":"t","1088":" ","1089":"d","1090":"e","1091":"f","1092":"a","1093":"u","1094":"l","1095":"t","1096":" ","1097":"{","1098":"\\","1099":"r","1100":"\\","1101":"n","1102":" ","1103":" ","1104":"n","1105":"a","1106":"m","1107":"e","1108":":","1109":" ","1110":"'","1111":"A","1112":"p","1113":"p","1114":"'","1115":",","1116":"\\","1117":"r","1118":"\\","1119":"n","1120":" ","1121":" ","1122":"c","1123":"o","1124":"m","1125":"p","1126":"o","1127":"n","1128":"e","1129":"n","1130":"t","1131":"s","1132":":","1133":" ","1134":"{","1135":"\\","1136":"r","1137":"\\","1138":"n","1139":" ","1140":" ","1141":" ","1142":" ","1143":"H","1144":"e","1145":"a","1146":"d","1147":"e","1148":"r","1149":"C","1150":"o","1151":"m","1152":"p","1153":"o","1154":"n","1155":"e","1156":"n","1157":"t","1158":",","1159":"\\","1160":"r","1161":"\\","1162":"n","1163":" ","1164":" ","1165":" ","1166":" ","1167":"P","1168":"a","1169":"g","1170":"e","1171":"N","1172":"o","1173":"t","1174":"F","1175":"o","1176":"u","1177":"n","1178":"d","1179":"\\","1180":"r","1181":"\\","1182":"n","1183":" ","1184":" ","1185":"}","1186":",","1187":"\\","1188":"r","1189":"\\","1190":"n","1191":" ","1192":" ","1193":"c","1194":"o","1195":"m","1196":"p","1197":"u","1198":"t","1199":"e","1200":"d","1201":":","1202":" ","1203":"{","1204":"\\","1205":"r","1206":"\\","1207":"n","1208":" ","1209":" ","1210":" ","1211":" ","1212":".","1213":".","1214":".","1215":"m","1216":"a","1217":"p","1218":"S","1219":"t","1220":"a","1221":"t","1222":"e","1223":"(","1224":"[","1225":"\\","1226":"\"","1227":"e","1228":"r","1229":"r","1230":"o","1231":"r","1232":"\\","1233":"\"","1234":"]","1235":")","1236":",","1237":"\\","1238":"r","1239":"\\","1240":"n","1241":" ","1242":" ","1243":"}","1244":",","1245":"\\","1246":"r","1247":"\\","1248":"n","1249":" ","1250":" ","1251":"m","1252":"e","1253":"t","1254":"h","1255":"o","1256":"d","1257":"s","1258":":","1259":"{","1260":"\\","1261":"r","1262":"\\","1263":"n","1264":" ","1265":" ","1266":" ","1267":" ","1268":".","1269":".","1270":".","1271":"m","1272":"a","1273":"p","1274":"A","1275":"c","1276":"t","1277":"i","1278":"o","1279":"n","1280":"s","1281":"(","1282":"[","1283":"\\","1284":"\"","1285":"g","1286":"e","1287":"t","1288":"S","1289":"h","1290":"o","1291":"w","1292":"s","1293":"\\","1294":"\"","1295":"]","1296":")","1297":",","1298":"\\","1299":"r","1300":"\\","1301":"n","1302":" ","1303":" ","1304":"}","1305":",","1306":"\\","1307":"r","1308":"\\","1309":"n","1310":" ","1311":" ","1312":"c","1313":"r","1314":"e","1315":"a","1316":"t","1317":"e","1318":"d","1319":"(","1320":")","1321":" ","1322":"{","1323":"\\","1324":"r","1325":"\\","1326":"n","1327":" ","1328":" ","1329":" ","1330":" ","1331":"t","1332":"h","1333":"i","1334":"s","1335":".","1336":"g","1337":"e","1338":"t","1339":"S","1340":"h","1341":"o","1342":"w","1343":"s","1344":"(","1345":")","1346":";","1347":"\\","1348":"r","1349":"\\","1350":"n","1351":" ","1352":" ","1353":"}","1354":"\\","1355":"r","1356":"\\","1357":"n","1358":"}","1359":"\\","1360":"r","1361":"\\","1362":"n","1363":"<","1364":"/","1365":"s","1366":"c","1367":"r","1368":"i","1369":"p","1370":"t","1371":">","1372":"\\","1373":"r","1374":"\\","1375":"n","1376":"\\","1377":"r","1378":"\\","1379":"n","1380":"<","1381":"s","1382":"t","1383":"y","1384":"l","1385":"e","1386":">","1387":"\\","1388":"r","1389":"\\","1390":"n","1391":"#","1392":"a","1393":"p","1394":"p","1395":" ","1396":"{","1397":"\\","1398":"r","1399":"\\","1400":"n","1401":" ","1402":" ","1403":"f","1404":"o","1405":"n","1406":"t","1407":"-","1408":"f","1409":"a","1410":"m","1411":"i","1412":"l","1413":"y","1414":":","1415":" ","1416":"A","1417":"v","1418":"e","1419":"n","1420":"i","1421":"r","1422":",","1423":" ","1424":"H","1425":"e","1426":"l","1427":"v","1428":"e","1429":"t","1430":"i","1431":"c","1432":"a","1433":",","1434":" ","1435":"A","1436":"r","1437":"i","1438":"a","1439":"l","1440":",","1441":" ","1442":"s","1443":"a","1444":"n","1445":"s","1446":"-","1447":"s","1448":"e","1449":"r","1450":"i","1451":"f","1452":";","1453":"\\","1454":"r","1455":"\\","1456":"n","1457":"}","1458":"\\","1459":"r","1460":"\\","1461":"n","1462":"b","1463":"o","1464":"d","1465":"y","1466":" ","1467":"{","1468":" ","1469":"\\","1470":"r","1471":"\\","1472":"n","1473":" ","1474":" ","1475":" ","1476":" ","1477":"p","1478":"a","1479":"d","1480":"d","1481":"i","1482":"n","1483":"g","1484":"-","1485":"t","1486":"o","1487":"p","1488":":","1489":" ","1490":"6","1491":"5","1492":"p","1493":"x","1494":";","1495":" ","1496":"\\","1497":"r","1498":"\\","1499":"n","1500":"}","1501":"\\","1502":"r","1503":"\\","1504":"n","1505":"<","1506":"/","1507":"s","1508":"t","1509":"y","1510":"l","1511":"e","1512":">","1513":"\\","1514":"r","1515":"\\","1516":"n","1517":"\"","1518":"]","1519":"}"},"_coverageSchema":"1a1c01bbd47fc00a2c39e90264f33305004495a9","hash":"a6e81cd0eaf243327bfc149ccf2bf54e8f81c1ee"}
,"C:\\Users\\DELL\\Desktop\\Companies\\Capgemini\\Project\\tv-app-final\\tv-app\\src\\components\\CardComponent.vue": {"path":"C:\\Users\\DELL\\Desktop\\Companies\\Capgemini\\Project\\tv-app-final\\tv-app\\src\\components\\CardComponent.vue","statementMap":{"0":{"start":{"line":4,"column":0},"end":{"line":6,"column":3}},"1":{"start":{"line":7,"column":0},"end":{"line":7,"column":25}},"2":{"start":{"line":8,"column":15},"end":{"line":20,"column":1}},"3":{"start":{"line":17,"column":6},"end":{"line":17,"column":164}},"4":{"start":{"line":23,"column":0},"end":{"line":23,"column":13}},"5":{"start":{"line":25,"column":0},"end":{"line":27,"column":3}},"6":{"start":{"line":28,"column":0},"end":{"line":28,"column":24}},"7":{"start":{"line":29,"column":11},"end":{"line":29,"column":25}},"8":{"start":{"line":30,"column":19},"end":{"line":32,"column":1}},"9":{"start":{"line":33,"column":19},"end":{"line":33,"column":26}},"10":{"start":{"line":34,"column":19},"end":{"line":39,"column":1}},"11":{"start":{"line":40,"column":19},"end":{"line":43,"column":1}},"12":{"start":{"line":44,"column":19},"end":{"line":48,"column":1}},"13":{"start":{"line":49,"column":32},"end":{"line":51,"column":26}},"14":{"start":{"line":52,"column":19},"end":{"line":54,"column":1}},"15":{"start":{"line":56,"column":33},"end":{"line":56,"column":74}},"16":{"start":{"line":57,"column":2},"end":{"line":76,"column":28}},"17":{"start":{"line":66,"column":37},"end":{"line":73,"column":497}},"18":{"start":{"line":77,"column":2},"end":{"line":77,"column":49}}},"fnMap":{"0":{"name":"(anonymous_0)","decl":{"start":{"line":16,"column":4},"end":{"line":16,"column":5}},"loc":{"start":{"line":16,"column":30},"end":{"line":18,"column":5}},"line":16},"1":{"name":"render","decl":{"start":{"line":55,"column":9},"end":{"line":55,"column":15}},"loc":{"start":{"line":55,"column":30},"end":{"line":77,"column":1}},"line":55},"2":{"name":"(anonymous_2)","decl":{"start":{"line":66,"column":31},"end":{"line":66,"column":32}},"loc":{"start":{"line":66,"column":37},"end":{"line":73,"column":497}},"line":66}},"branchMap":{"0":{"loc":{"start":{"line":17,"column":13},"end":{"line":17,"column":163}},"type":"cond-expr","locations":[{"start":{"line":17,"column":33},"end":{"line":17,"column":59}},{"start":{"line":17,"column":62},"end":{"line":17,"column":163}}],"line":17},"1":{"loc":{"start":{"line":73,"column":90},"end":{"line":73,"column":379}},"type":"cond-expr","locations":[{"start":{"line":73,"column":125},"end":{"line":73,"column":333}},{"start":{"line":73,"column":337},"end":{"line":73,"column":379}}],"line":73}},"s":{"0":6,"1":6,"2":6,"3":0,"4":6,"5":6,"6":6,"7":6,"8":6,"9":6,"10":6,"11":6,"12":6,"13":6,"14":6,"15":1,"16":1,"17":0,"18":6},"f":{"0":0,"1":1,"2":0},"b":{"0":[0,0],"1":[0,0]},"inputSourceMap":{"0":"{","1":"\"","2":"v","3":"e","4":"r","5":"s","6":"i","7":"o","8":"n","9":"\"","10":":","11":"3","12":",","13":"\"","14":"s","15":"o","16":"u","17":"r","18":"c","19":"e","20":"s","21":"\"","22":":","23":"[","24":"\"","25":"C","26":":","27":"\\","28":"\\","29":"U","30":"s","31":"e","32":"r","33":"s","34":"\\","35":"\\","36":"D","37":"E","38":"L","39":"L","40":"\\","41":"\\","42":"D","43":"e","44":"s","45":"k","46":"t","47":"o","48":"p","49":"\\","50":"\\","51":"C","52":"o","53":"m","54":"p","55":"a","56":"n","57":"i","58":"e","59":"s","60":"\\","61":"\\","62":"C","63":"a","64":"p","65":"g","66":"e","67":"m","68":"i","69":"n","70":"i","71":"\\","72":"\\","73":"P","74":"r","75":"o","76":"j","77":"e","78":"c","79":"t","80":"\\","81":"\\","82":"t","83":"v","84":"-","85":"a","86":"p","87":"p","88":"-","89":"f","90":"i","91":"n","92":"a","93":"l","94":"\\","95":"\\","96":"t","97":"v","98":"-","99":"a","100":"p","101":"p","102":"\\","103":"\\","104":"s","105":"r","106":"c","107":"\\","108":"\\","109":"c","110":"o","111":"m","112":"p","113":"o","114":"n","115":"e","116":"n","117":"t","118":"s","119":"\\","120":"\\","121":"C","122":"a","123":"r","124":"d","125":"C","126":"o","127":"m","128":"p","129":"o","130":"n","131":"e","132":"n","133":"t","134":".","135":"v","136":"u","137":"e","138":"\"","139":"]","140":",","141":"\"","142":"n","143":"a","144":"m","145":"e","146":"s","147":"\"","148":":","149":"[","150":"]","151":",","152":"\"","153":"m","154":"a","155":"p","156":"p","157":"i","158":"n","159":"g","160":"s","161":"\"","162":":","163":"\"","164":";","165":";","166":";","167":";","168":";","169":";","170":";","171":"e","172":"A","173":"e","174":"e","175":";","176":"E","177":"A","178":"C","179":"X","180":",","181":"I","182":"A","183":"A","184":"I","185":",","186":"E","187":"A","188":"A","189":"E","190":",","191":"e","192":"A","193":"A","194":"e","195":";","196":"E","197":"A","198":"C","199":"r","200":"B","201":",","202":"K","203":"A","204":"A","205":"K","206":",","207":"E","208":"A","209":"A","210":"E","211":";","212":"I","213":"A","214":"C","215":"H","216":",","217":"W","218":"A","219":"A","220":"W","221":",","222":"E","223":"A","224":"A","225":"E","226":";","227":"M","228":"A","229":"A","230":"E","231":",","232":"I","233":"A","234":"A","235":"I","236":",","237":"E","238":"A","239":"A","240":"E","241":";","242":"I","243":"A","244":"A","245":"O","246":";","247":"E","248":"A","249":"C","250":"h","251":"C","252":",","253":"C","254":"A","255":"A","256":"C","257":";","258":"E","259":"A","260":"C","261":"D","262":",","263":"O","264":"A","265":"A","266":"O","267":",","268":"E","269":"A","270":"A","271":"E","272":";","273":"I","274":"A","275":"C","276":"L","277":",","278":"Y","279":"A","280":"A","281":"Y","282":",","283":"C","284":"A","285":"A","286":"C","287":",","288":"W","289":"A","290":"A","291":"W","292":",","293":"E","294":"A","295":"A","296":"E","297":";","298":"M","299":"A","300":"C","301":"t","302":"B","303":",","304":"O","305":"A","306":"A","307":"O","308":",","309":"W","310":"A","311":"A","312":"W","313":",","314":"C","315":"A","316":"A","317":"C","318":",","319":"K","320":"A","321":"A","322":"K","323":",","324":"G","325":"A","326":"A","327":"G","328":",","329":"W","330":"A","331":"A","332":"W","333":",","334":"C","335":"A","336":"A","337":"C","338":",","339":"K","340":"A","341":"A","342":"K","343":",","344":"C","345":"A","346":"A","347":"C","348":",","349":"Q","350":"A","351":"A","352":"Q","353":",","354":"G","355":"A","356":"A","357":"G","358":",","359":"q","360":"G","361":"A","362":"A","363":"q","364":"G","365":";","366":"I","367":"A","368":"C","369":"j","370":"K","371":";","372":"E","373":"A","374":"E","375":"J","376":";","377":"A","378":"A","379":"E","380":"J","381":",","382":"C","383":"A","384":"A","385":"C","386":";","387":"A","388":"A","389":"A","390":"A","391":";","392":"A","393":"A","394":"A","395":"A","396":"\"","397":",","398":"\"","399":"f","400":"i","401":"l","402":"e","403":"\"","404":":","405":"\"","406":"C","407":":","408":"\\","409":"\\","410":"U","411":"s","412":"e","413":"r","414":"s","415":"\\","416":"\\","417":"D","418":"E","419":"L","420":"L","421":"\\","422":"\\","423":"D","424":"e","425":"s","426":"k","427":"t","428":"o","429":"p","430":"\\","431":"\\","432":"C","433":"o","434":"m","435":"p","436":"a","437":"n","438":"i","439":"e","440":"s","441":"\\","442":"\\","443":"C","444":"a","445":"p","446":"g","447":"e","448":"m","449":"i","450":"n","451":"i","452":"\\","453":"\\","454":"P","455":"r","456":"o","457":"j","458":"e","459":"c","460":"t","461":"\\","462":"\\","463":"t","464":"v","465":"-","466":"a","467":"p","468":"p","469":"-","470":"f","471":"i","472":"n","473":"a","474":"l","475":"\\","476":"\\","477":"t","478":"v","479":"-","480":"a","481":"p","482":"p","483":"\\","484":"\\","485":"s","486":"r","487":"c","488":"\\","489":"\\","490":"c","491":"o","492":"m","493":"p","494":"o","495":"n","496":"e","497":"n","498":"t","499":"s","500":"\\","501":"\\","502":"C","503":"a","504":"r","505":"d","506":"C","507":"o","508":"m","509":"p","510":"o","511":"n","512":"e","513":"n","514":"t","515":".","516":"v","517":"u","518":"e","519":"\"","520":",","521":"\"","522":"s","523":"o","524":"u","525":"r","526":"c","527":"e","528":"s","529":"C","530":"o","531":"n","532":"t","533":"e","534":"n","535":"t","536":"\"","537":":","538":"[","539":"\"","540":"<","541":"t","542":"e","543":"m","544":"p","545":"l","546":"a","547":"t","548":"e","549":">","550":"\\","551":"r","552":"\\","553":"n","554":" ","555":" ","556":" ","557":" ","558":"<","559":"r","560":"o","561":"u","562":"t","563":"e","564":"r","565":"-","566":"l","567":"i","568":"n","569":"k","570":" ","571":"c","572":"l","573":"a","574":"s","575":"s","576":"=","577":"\\","578":"\"","579":"t","580":"e","581":"x","582":"t","583":"-","584":"s","585":"t","586":"y","587":"l","588":"e","589":"\\","590":"\"","591":" ","592":":","593":"t","594":"o","595":"=","596":"\\","597":"\"","598":"{","599":" ","600":"n","601":"a","602":"m","603":"e","604":":","605":" ","606":"'","607":"S","608":"h","609":"o","610":"w","611":"D","612":"e","613":"t","614":"a","615":"i","616":"l","617":"s","618":"'","619":",","620":" ","621":"p","622":"a","623":"r","624":"a","625":"m","626":"s","627":":","628":" ","629":"{","630":" ","631":"i","632":"d","633":":","634":" ","635":"s","636":"h","637":"o","638":"w","639":"D","640":"e","641":"t","642":"a","643":"i","644":"l","645":"s","646":".","647":"i","648":"d","649":" ","650":"}","651":" ","652":"}","653":"\\","654":"\"","655":">","656":"\\","657":"r","658":"\\","659":"n","660":" ","661":" ","662":" ","663":" ","664":" ","665":" ","666":" ","667":" ","668":"<","669":"d","670":"i","671":"v","672":" ","673":"c","674":"l","675":"a","676":"s","677":"s","678":"=","679":"\\","680":"\"","681":"c","682":"a","683":"r","684":"d","685":" ","686":"m","687":"x","688":"-","689":"a","690":"u","691":"t","692":"o","693":"\\","694":"\"","695":">","696":"\\","697":"r","698":"\\","699":"n","700":" ","701":" ","702":" ","703":" ","704":" ","705":" ","706":" ","707":" ","708":" ","709":" ","710":" ","711":" ","712":"<","713":"i","714":"m","715":"g","716":" ","717":":","718":"s","719":"r","720":"c","721":"=","722":"\\","723":"\"","724":"d","725":"i","726":"s","727":"p","728":"l","729":"a","730":"y","731":"i","732":"m","733":"a","734":"g","735":"e","736":"(","737":"s","738":"h","739":"o","740":"w","741":"D","742":"e","743":"t","744":"a","745":"i","746":"l","747":"s","748":")","749":"\\","750":"\"","751":" ","752":"c","753":"l","754":"a","755":"s","756":"s","757":"=","758":"\\","759":"\"","760":"c","761":"a","762":"r","763":"d","764":"-","765":"i","766":"m","767":"g","768":"-","769":"t","770":"o","771":"p","772":"\\","773":"\"","774":" ","775":"a","776":"l","777":"t","778":"=","779":"\\","780":"\"","781":".","782":".","783":".","784":"\\","785":"\"","786":" ","787":"s","788":"t","789":"y","790":"l","791":"e","792":"=","793":"\\","794":"\"","795":"h","796":"e","797":"i","798":"g","799":"h","800":"t","801":":","802":"2","803":"4","804":"8","805":"p","806":"x","807":"\\","808":"\"","809":">","810":"\\","811":"r","812":"\\","813":"n","814":" ","815":" ","816":" ","817":" ","818":" ","819":" ","820":" ","821":" ","822":" ","823":" ","824":" ","825":" ","826":"<","827":"d","828":"i","829":"v","830":" ","831":"c","832":"l","833":"a","834":"s","835":"s","836":"=","837":"\\","838":"\"","839":"c","840":"a","841":"r","842":"d","843":"-","844":"b","845":"o","846":"d","847":"y","848":"\\","849":"\"","850":" ","851":"s","852":"t","853":"y","854":"l","855":"e","856":"=","857":"\\","858":"\"","859":"t","860":"e","861":"x","862":"t","863":"-","864":"d","865":"e","866":"c","867":"o","868":"r","869":"a","870":"t","871":"i","872":"o","873":"n","874":":","875":"n","876":"o","877":"n","878":"e","879":"\\","880":"\"","881":">","882":"\\","883":"r","884":"\\","885":"n","886":" ","887":" ","888":" ","889":" ","890":" ","891":" ","892":" ","893":" ","894":" ","895":" ","896":" ","897":" ","898":" ","899":" ","900":" ","901":" ","902":"<","903":"d","904":"i","905":"v","906":" ","907":"v","908":"-","909":"i","910":"f","911":"=","912":"\\","913":"\"","914":"s","915":"h","916":"o","917":"w","918":"D","919":"e","920":"t","921":"a","922":"i","923":"l","924":"s","925":".","926":"r","927":"a","928":"t","929":"i","930":"n","931":"g","932":".","933":"a","934":"v","935":"e","936":"r","937":"a","938":"g","939":"e","940":"\\","941":"\"","942":" ","943":"c","944":"l","945":"a","946":"s","947":"s","948":"=","949":"\\","950":"\"","951":"r","952":"i","953":"b","954":"b","955":"o","956":"n","957":"\\","958":"\"","959":">","960":"\\","961":"r","962":"\\","963":"n","964":" ","965":" ","966":" ","967":" ","968":" ","969":" ","970":" ","971":" ","972":" ","973":" ","974":" ","975":" ","976":" ","977":" ","978":" ","979":" ","980":" ","981":" ","982":" ","983":" ","984":"<","985":"s","986":"p","987":"a","988":"n","989":" ","990":"s","991":"t","992":"y","993":"l","994":"e","995":"=","996":"\\","997":"\"","998":"f","999":"o","1000":"n","1001":"t","1002":"-","1003":"s","1004":"i","1005":"z","1006":"e","1007":":","1008":"1","1009":"2","1010":"p","1011":"x","1012":"\\","1013":"\"","1014":">","1015":"{","1016":"{","1017":" ","1018":"s","1019":"h","1020":"o","1021":"w","1022":"D","1023":"e","1024":"t","1025":"a","1026":"i","1027":"l","1028":"s","1029":".","1030":"r","1031":"a","1032":"t","1033":"i","1034":"n","1035":"g","1036":".","1037":"a","1038":"v","1039":"e","1040":"r","1041":"a","1042":"g","1043":"e","1044":" ","1045":"}","1046":"}","1047":"<","1048":"/","1049":"s","1050":"p","1051":"a","1052":"n","1053":">","1054":"<","1055":"i","1056":" ","1057":"c","1058":"l","1059":"a","1060":"s","1061":"s","1062":"=","1063":"\\","1064":"\"","1065":"f","1066":"a","1067":" ","1068":"f","1069":"a","1070":"-","1071":"s","1072":"t","1073":"a","1074":"r","1075":" ","1076":"f","1077":"a","1078":"-","1079":"x","1080":"s","1081":"\\","1082":"\"","1083":">","1084":"<","1085":"/","1086":"i","1087":">","1088":"\\","1089":"r","1090":"\\","1091":"n","1092":" ","1093":" ","1094":" ","1095":" ","1096":" ","1097":" ","1098":" ","1099":" ","1100":" ","1101":" ","1102":" ","1103":" ","1104":" ","1105":" ","1106":" ","1107":" ","1108":"<","1109":"/","1110":"d","1111":"i","1112":"v","1113":">","1114":"\\","1115":"r","1116":"\\","1117":"n","1118":" ","1119":" ","1120":" ","1121":" ","1122":" ","1123":" ","1124":" ","1125":" ","1126":" ","1127":" ","1128":" ","1129":" ","1130":" ","1131":" ","1132":" ","1133":" ","1134":"<","1135":"d","1136":"i","1137":"v","1138":" ","1139":"c","1140":"l","1141":"a","1142":"s","1143":"s","1144":"=","1145":"\\","1146":"\"","1147":"c","1148":"a","1149":"r","1150":"d","1151":"-","1152":"t","1153":"i","1154":"t","1155":"l","1156":"e","1157":"\\","1158":"\"","1159":">","1160":"{","1161":"{","1162":" ","1163":"s","1164":"h","1165":"o","1166":"w","1167":"D","1168":"e","1169":"t","1170":"a","1171":"i","1172":"l","1173":"s","1174":".","1175":"n","1176":"a","1177":"m","1178":"e","1179":" ","1180":"}","1181":"}","1182":"<","1183":"/","1184":"d","1185":"i","1186":"v","1187":">","1188":"\\","1189":"r","1190":"\\","1191":"n","1192":" ","1193":" ","1194":" ","1195":" ","1196":" ","1197":" ","1198":" ","1199":" ","1200":" ","1201":" ","1202":" ","1203":" ","1204":"<","1205":"/","1206":"d","1207":"i","1208":"v","1209":">","1210":"\\","1211":"r","1212":"\\","1213":"n","1214":" ","1215":" ","1216":" ","1217":" ","1218":" ","1219":" ","1220":" ","1221":" ","1222":"<","1223":"/","1224":"d","1225":"i","1226":"v","1227":">","1228":"\\","1229":"r","1230":"\\","1231":"n","1232":" ","1233":" ","1234":" ","1235":" ","1236":"<","1237":"/","1238":"r","1239":"o","1240":"u","1241":"t","1242":"e","1243":"r","1244":"-","1245":"l","1246":"i","1247":"n","1248":"k","1249":">","1250":"\\","1251":"r","1252":"\\","1253":"n","1254":"<","1255":"/","1256":"t","1257":"e","1258":"m","1259":"p","1260":"l","1261":"a","1262":"t","1263":"e","1264":">","1265":"\\","1266":"r","1267":"\\","1268":"n","1269":"\\","1270":"r","1271":"\\","1272":"n","1273":"<","1274":"s","1275":"c","1276":"r","1277":"i","1278":"p","1279":"t","1280":">","1281":"\\","1282":"r","1283":"\\","1284":"n","1285":"e","1286":"x","1287":"p","1288":"o","1289":"r","1290":"t","1291":" ","1292":"d","1293":"e","1294":"f","1295":"a","1296":"u","1297":"l","1298":"t","1299":" ","1300":"{","1301":"\\","1302":"r","1303":"\\","1304":"n","1305":" ","1306":" ","1307":" ","1308":" ","1309":"n","1310":"a","1311":"m","1312":"e","1313":":","1314":" ","1315":"'","1316":"C","1317":"a","1318":"r","1319":"d","1320":"C","1321":"o","1322":"m","1323":"p","1324":"o","1325":"n","1326":"e","1327":"n","1328":"t","1329":"'","1330":",","1331":"\\","1332":"r","1333":"\\","1334":"n","1335":" ","1336":" ","1337":" ","1338":" ","1339":"p","1340":"r","1341":"o","1342":"p","1343":"s","1344":":","1345":" ","1346":"{","1347":"\\","1348":"r","1349":"\\","1350":"n","1351":" ","1352":" ","1353":" ","1354":" ","1355":" ","1356":" ","1357":" ","1358":" ","1359":"s","1360":"h","1361":"o","1362":"w","1363":"D","1364":"e","1365":"t","1366":"a","1367":"i","1368":"l","1369":"s","1370":":","1371":" ","1372":"{","1373":" ","1374":"t","1375":"y","1376":"p","1377":"e","1378":":","1379":" ","1380":"O","1381":"b","1382":"j","1383":"e","1384":"c","1385":"t","1386":" ","1387":"}","1388":"\\","1389":"r","1390":"\\","1391":"n","1392":" ","1393":" ","1394":" ","1395":" ","1396":"}","1397":",","1398":"\\","1399":"r","1400":"\\","1401":"n","1402":" ","1403":" ","1404":" ","1405":" ","1406":"m","1407":"e","1408":"t","1409":"h","1410":"o","1411":"d","1412":"s","1413":":","1414":" ","1415":"{","1416":"\\","1417":"r","1418":"\\","1419":"n","1420":" ","1421":" ","1422":" ","1423":" ","1424":" ","1425":" ","1426":" ","1427":" ","1428":"d","1429":"i","1430":"s","1431":"p","1432":"l","1433":"a","1434":"y","1435":"i","1436":"m","1437":"a","1438":"g","1439":"e","1440":"(","1441":"s","1442":"h","1443":"o","1444":"w","1445":"D","1446":"e","1447":"t","1448":"a","1449":"i","1450":"l","1451":"s","1452":")","1453":" ","1454":"{","1455":"\\","1456":"r","1457":"\\","1458":"n","1459":" ","1460":" ","1461":" ","1462":" ","1463":" ","1464":" ","1465":" ","1466":" ","1467":" ","1468":" ","1469":" ","1470":" ","1471":"r","1472":"e","1473":"t","1474":"u","1475":"r","1476":"n","1477":" ","1478":"s","1479":"h","1480":"o","1481":"w","1482":"D","1483":"e","1484":"t","1485":"a","1486":"i","1487":"l","1488":"s","1489":".","1490":"i","1491":"m","1492":"a","1493":"g","1494":"e","1495":" ","1496":"?","1497":" ","1498":"s","1499":"h","1500":"o","1501":"w","1502":"D","1503":"e","1504":"t","1505":"a","1506":"i","1507":"l","1508":"s","1509":".","1510":"i","1511":"m","1512":"a","1513":"g","1514":"e","1515":".","1516":"o","1517":"r","1518":"i","1519":"g","1520":"i","1521":"n","1522":"a","1523":"l","1524":" ","1525":":","1526":" ","1527":"\\","1528":"\"","1529":"h","1530":"t","1531":"t","1532":"p","1533":"s","1534":":","1535":"/","1536":"/","1537":"e","1538":"n","1539":"c","1540":"r","1541":"y","1542":"p","1543":"t","1544":"e","1545":"d","1546":"-","1547":"t","1548":"b","1549":"n","1550":"0","1551":".","1552":"g","1553":"s","1554":"t","1555":"a","1556":"t","1557":"i","1558":"c","1559":".","1560":"c","1561":"o","1562":"m","1563":"/","1564":"i","1565":"m","1566":"a","1567":"g","1568":"e","1569":"s","1570":"?","1571":"q","1572":"=","1573":"t","1574":"b","1575":"n","1576":":","1577":"A","1578":"N","1579":"d","1580":"9","1581":"G","1582":"c","1583":"T","1584":"a","1585":"x","1586":"9","1587":"r","1588":"Q","1589":"-","1590":"F","1591":"u","1592":"u","1593":"a","1594":"F","1595":"4","1596":"B","1597":"v","1598":"P","1599":"j","1600":"3","1601":"G","1602":"H","1603":"I","1604":"h","1605":"M","1606":"Y","1607":"r","1608":"i","1609":"M","1610":"I","1611":"h","1612":"u","1613":"j","1614":"a","1615":"O","1616":"f","1617":"k","1618":"Q","1619":"&","1620":"u","1621":"s","1622":"q","1623":"p","1624":"=","1625":"C","1626":"A","1627":"U","1628":"\\","1629":"\"","1630":"\\","1631":"r","1632":"\\","1633":"n","1634":" ","1635":" ","1636":" ","1637":" ","1638":" ","1639":" ","1640":" ","1641":" ","1642":"}","1643":"\\","1644":"r","1645":"\\","1646":"n","1647":"\\","1648":"r","1649":"\\","1650":"n","1651":" ","1652":" ","1653":" ","1654":" ","1655":"}","1656":"\\","1657":"r","1658":"\\","1659":"n","1660":"\\","1661":"r","1662":"\\","1663":"n","1664":"}","1665":"\\","1666":"r","1667":"\\","1668":"n","1669":"<","1670":"/","1671":"s","1672":"c","1673":"r","1674":"i","1675":"p","1676":"t","1677":">","1678":"\\","1679":"r","1680":"\\","1681":"n","1682":"\\","1683":"r","1684":"\\","1685":"n","1686":"<","1687":"s","1688":"t","1689":"y","1690":"l","1691":"e","1692":" ","1693":"s","1694":"c","1695":"o","1696":"p","1697":"e","1698":"d","1699":">","1700":"\\","1701":"r","1702":"\\","1703":"n","1704":".","1705":"r","1706":"i","1707":"b","1708":"b","1709":"o","1710":"n","1711":" ","1712":"{","1713":"\\","1714":"r","1715":"\\","1716":"n","1717":" ","1718":" ","1719":" ","1720":" ","1721":"b","1722":"a","1723":"c","1724":"k","1725":"g","1726":"r","1727":"o","1728":"u","1729":"n","1730":"d","1731":"-","1732":"c","1733":"o","1734":"l","1735":"o","1736":"r","1737":":","1738":" ","1739":"r","1740":"g","1741":"b","1742":"(","1743":"2","1744":" ","1745":"3","1746":"8","1747":" ","1748":"6","1749":"8","1750":")","1751":";","1752":"\\","1753":"r","1754":"\\","1755":"n","1756":" ","1757":" ","1758":" ","1759":" ","1760":"w","1761":"i","1762":"d","1763":"t","1764":"h","1765":":","1766":" ","1767":"4","1768":"0","1769":"p","1770":"x","1771":";","1772":"\\","1773":"r","1774":"\\","1775":"n","1776":" ","1777":" ","1778":" ","1779":" ","1780":"p","1781":"o","1782":"s","1783":"i","1784":"t","1785":"i","1786":"o","1787":"n","1788":":","1789":" ","1790":"a","1791":"b","1792":"s","1793":"o","1794":"l","1795":"u","1796":"t","1797":"e","1798":";","1799":"\\","1800":"r","1801":"\\","1802":"n","1803":" ","1804":" ","1805":" ","1806":" ","1807":"t","1808":"e","1809":"x","1810":"t","1811":"-","1812":"a","1813":"l","1814":"i","1815":"g","1816":"n","1817":":","1818":" ","1819":"c","1820":"e","1821":"n","1822":"t","1823":"e","1824":"r","1825":";","1826":"\\","1827":"r","1828":"\\","1829":"n","1830":" ","1831":" ","1832":" ","1833":" ","1834":"c","1835":"o","1836":"l","1837":"o","1838":"r","1839":":","1840":" ","1841":"#","1842":"f","1843":"0","1844":"f","1845":"0","1846":"f","1847":"0","1848":";","1849":"\\","1850":"r","1851":"\\","1852":"n","1853":" ","1854":" ","1855":" ","1856":" ","1857":"t","1858":"o","1859":"p","1860":":","1861":" ","1862":"0","1863":"p","1864":"x","1865":";","1866":"\\","1867":"r","1868":"\\","1869":"n","1870":" ","1871":" ","1872":" ","1873":" ","1874":"r","1875":"i","1876":"g","1877":"h","1878":"t","1879":":","1880":" ","1881":"0","1882":"p","1883":"x","1884":";","1885":"\\","1886":"r","1887":"\\","1888":"n","1889":" ","1890":" ","1891":" ","1892":" ","1893":"b","1894":"o","1895":"r","1896":"d","1897":"e","1898":"r","1899":"-","1900":"r","1901":"a","1902":"d","1903":"i","1904":"u","1905":"s","1906":":","1907":" ","1908":"3","1909":"p","1910":"x","1911":" ","1912":"1","1913":"0","1914":"p","1915":"x","1916":" ","1917":"3","1918":"p","1919":"x","1920":" ","1921":"3","1922":"p","1923":"x","1924":";","1925":"\\","1926":"r","1927":"\\","1928":"n","1929":"}","1930":"\\","1931":"r","1932":"\\","1933":"n","1934":".","1935":"c","1936":"a","1937":"r","1938":"d","1939":" ","1940":"{","1941":"\\","1942":"r","1943":"\\","1944":"n","1945":" ","1946":" ","1947":" ","1948":" ","1949":"w","1950":"i","1951":"d","1952":"t","1953":"h","1954":":","1955":" ","1956":"1","1957":"1","1958":"r","1959":"e","1960":"m","1961":";","1962":"\\","1963":"r","1964":"\\","1965":"n","1966":" ","1967":" ","1968":" ","1969":" ","1970":"m","1971":"a","1972":"r","1973":"g","1974":"i","1975":"n","1976":":","1977":" ","1978":"8","1979":"p","1980":"x","1981":"\\","1982":"r","1983":"\\","1984":"n","1985":"}","1986":"\\","1987":"r","1988":"\\","1989":"n","1990":".","1991":"c","1992":"a","1993":"r","1994":"d","1995":"-","1996":"b","1997":"o","1998":"d","1999":"y","2000":" ","2001":"{","2002":"\\","2003":"r","2004":"\\","2005":"n","2006":" ","2007":" ","2008":" ","2009":" ","2010":"t","2011":"e","2012":"x","2013":"t","2014":"-","2015":"a","2016":"l","2017":"i","2018":"g","2019":"n","2020":":","2021":" ","2022":"c","2023":"e","2024":"n","2025":"t","2026":"e","2027":"r","2028":";","2029":"\\","2030":"r","2031":"\\","2032":"n","2033":" ","2034":" ","2035":" ","2036":" ","2037":"b","2038":"a","2039":"c","2040":"k","2041":"g","2042":"r","2043":"o","2044":"u","2045":"n","2046":"d","2047":"-","2048":"c","2049":"o","2050":"l","2051":"o","2052":"r","2053":":","2054":" ","2055":"#","2056":"0","2057":"2","2058":"2","2059":"6","2060":"4","2061":"4","2062":";","2063":"\\","2064":"r","2065":"\\","2066":"n","2067":" ","2068":" ","2069":" ","2070":" ","2071":"c","2072":"o","2073":"l","2074":"o","2075":"r","2076":":","2077":" ","2078":"w","2079":"h","2080":"i","2081":"t","2082":"e","2083":";","2084":"\\","2085":"r","2086":"\\","2087":"n","2088":"}","2089":"\\","2090":"r","2091":"\\","2092":"n","2093":".","2094":"c","2095":"a","2096":"r","2097":"d","2098":"-","2099":"t","2100":"i","2101":"t","2102":"l","2103":"e","2104":" ","2105":"{","2106":"\\","2107":"r","2108":"\\","2109":"n","2110":" ","2111":" ","2112":" ","2113":" ","2114":"m","2115":"a","2116":"r","2117":"g","2118":"i","2119":"n","2120":"-","2121":"b","2122":"o","2123":"t","2124":"t","2125":"o","2126":"m","2127":":","2128":" ","2129":"0","2130":";","2131":"\\","2132":"r","2133":"\\","2134":"n","2135":"}","2136":"\\","2137":"r","2138":"\\","2139":"n","2140":".","2141":"t","2142":"e","2143":"x","2144":"t","2145":"-","2146":"s","2147":"t","2148":"y","2149":"l","2150":"e","2151":" ","2152":"{","2153":"\\","2154":"r","2155":"\\","2156":"n","2157":" ","2158":" ","2159":" ","2160":" ","2161":"t","2162":"e","2163":"x","2164":"t","2165":"-","2166":"d","2167":"e","2168":"c","2169":"o","2170":"r","2171":"a","2172":"t","2173":"i","2174":"o","2175":"n","2176":":","2177":" ","2178":"n","2179":"o","2180":"n","2181":"e","2182":";","2183":"\\","2184":"r","2185":"\\","2186":"n","2187":" ","2188":" ","2189":" ","2190":" ","2191":"c","2192":"o","2193":"l","2194":"o","2195":"r","2196":":","2197":" ","2198":"b","2199":"l","2200":"a","2201":"c","2202":"k","2203":"\\","2204":"r","2205":"\\","2206":"n","2207":"}","2208":"\\","2209":"r","2210":"\\","2211":"n","2212":".","2213":"c","2214":"a","2215":"r","2216":"d","2217":":","2218":"h","2219":"o","2220":"v","2221":"e","2222":"r","2223":" ","2224":"{","2225":"\\","2226":"r","2227":"\\","2228":"n","2229":" ","2230":" ","2231":" ","2232":" ","2233":"t","2234":"r","2235":"a","2236":"n","2237":"s","2238":"f","2239":"o","2240":"r","2241":"m","2242":":","2243":" ","2244":"s","2245":"c","2246":"a","2247":"l","2248":"e","2249":"(","2250":"1","2251":".","2252":"0","2253":"3","2254":")","2255":";","2256":"\\","2257":"r","2258":"\\","2259":"n","2260":" ","2261":" ","2262":" ","2263":" ","2264":"b","2265":"o","2266":"x","2267":"-","2268":"s","2269":"h","2270":"a","2271":"d","2272":"o","2273":"w","2274":":","2275":" ","2276":"0","2277":" ","2278":"0","2279":" ","2280":"5","2281":"p","2282":"x","2283":" ","2284":"#","2285":"f","2286":"0","2287":"f","2288":"0","2289":"f","2290":"0","2291":";","2292":"\\","2293":"r","2294":"\\","2295":"n","2296":"}","2297":"\\","2298":"r","2299":"\\","2300":"n","2301":".","2302":"c","2303":"a","2304":"r","2305":"d","2306":"-","2307":"t","2308":"i","2309":"t","2310":"l","2311":"e","2312":" ","2313":"{","2314":"\\","2315":"r","2316":"\\","2317":"n","2318":" ","2319":" ","2320":" ","2321":" ","2322":"t","2323":"e","2324":"x","2325":"t","2326":"-","2327":"o","2328":"v","2329":"e","2330":"r","2331":"f","2332":"l","2333":"o","2334":"w","2335":":","2336":" ","2337":"e","2338":"l","2339":"l","2340":"i","2341":"p","2342":"s","2343":"i","2344":"s","2345":";","2346":"\\","2347":"r","2348":"\\","2349":"n","2350":" ","2351":" ","2352":" ","2353":" ","2354":"o","2355":"v","2356":"e","2357":"r","2358":"f","2359":"l","2360":"o","2361":"w","2362":":","2363":" ","2364":"h","2365":"i","2366":"d","2367":"d","2368":"e","2369":"n","2370":";","2371":"\\","2372":"r","2373":"\\","2374":"n","2375":" ","2376":" ","2377":" ","2378":" ","2379":"w","2380":"i","2381":"d","2382":"t","2383":"h","2384":":","2385":" ","2386":"1","2387":"4","2388":"0","2389":"p","2390":"x","2391":";","2392":"\\","2393":"r","2394":"\\","2395":"n","2396":" ","2397":" ","2398":" ","2399":" ","2400":"w","2401":"h","2402":"i","2403":"t","2404":"e","2405":"-","2406":"s","2407":"p","2408":"a","2409":"c","2410":"e","2411":":","2412":" ","2413":"n","2414":"o","2415":"w","2416":"r","2417":"a","2418":"p","2419":";","2420":"\\","2421":"r","2422":"\\","2423":"n","2424":" ","2425":" ","2426":" ","2427":" ","2428":"t","2429":"e","2430":"x","2431":"t","2432":"-","2433":"d","2434":"e","2435":"c","2436":"o","2437":"r","2438":"a","2439":"t","2440":"i","2441":"o","2442":"n","2443":":","2444":" ","2445":"n","2446":"o","2447":"n","2448":"e","2449":";","2450":"\\","2451":"r","2452":"\\","2453":"n","2454":"}","2455":"\\","2456":"r","2457":"\\","2458":"n","2459":"<","2460":"/","2461":"s","2462":"t","2463":"y","2464":"l","2465":"e","2466":">","2467":"\"","2468":"]","2469":"}"},"_coverageSchema":"1a1c01bbd47fc00a2c39e90264f33305004495a9","hash":"38101a3d92284d27f9309d78708e111d1298e1db"}
,"C:\\Users\\DELL\\Desktop\\Companies\\Capgemini\\Project\\tv-app-final\\tv-app\\src\\components\\CastCard.vue": {"path":"C:\\Users\\DELL\\Desktop\\Companies\\Capgemini\\Project\\tv-app-final\\tv-app\\src\\components\\CastCard.vue","statementMap":{"0":{"start":{"line":4,"column":0},"end":{"line":6,"column":3}},"1":{"start":{"line":7,"column":0},"end":{"line":7,"column":25}},"2":{"start":{"line":26,"column":0},"end":{"line":26,"column":13}},"3":{"start":{"line":28,"column":0},"end":{"line":30,"column":3}},"4":{"start":{"line":31,"column":0},"end":{"line":31,"column":24}},"5":{"start":{"line":32,"column":11},"end":{"line":32,"column":25}},"6":{"start":{"line":33,"column":19},"end":{"line":35,"column":1}},"7":{"start":{"line":36,"column":19},"end":{"line":41,"column":1}},"8":{"start":{"line":42,"column":19},"end":{"line":44,"column":1}},"9":{"start":{"line":45,"column":19},"end":{"line":47,"column":1}},"10":{"start":{"line":48,"column":19},"end":{"line":48,"column":26}},"11":{"start":{"line":49,"column":19},"end":{"line":51,"column":1}},"12":{"start":{"line":52,"column":19},"end":{"line":54,"column":1}},"13":{"start":{"line":55,"column":19},"end":{"line":57,"column":1}},"14":{"start":{"line":58,"column":19},"end":{"line":60,"column":1}},"15":{"start":{"line":61,"column":20},"end":{"line":63,"column":1}},"16":{"start":{"line":65,"column":2},"end":{"line":73,"column":144}},"17":{"start":{"line":66,"column":4},"end":{"line":72,"column":666}},"18":{"start":{"line":74,"column":2},"end":{"line":74,"column":49}}},"fnMap":{"0":{"name":"render","decl":{"start":{"line":64,"column":9},"end":{"line":64,"column":15}},"loc":{"start":{"line":64,"column":30},"end":{"line":74,"column":1}},"line":64},"1":{"name":"(anonymous_1)","decl":{"start":{"line":65,"column":225},"end":{"line":65,"column":226}},"loc":{"start":{"line":65,"column":238},"end":{"line":73,"column":3}},"line":65}},"branchMap":{"0":{"loc":{"start":{"line":65,"column":9},"end":{"line":73,"column":143}},"type":"cond-expr","locations":[{"start":{"line":65,"column":36},"end":{"line":73,"column":34}},{"start":{"line":73,"column":39},"end":{"line":73,"column":142}}],"line":65}},"s":{"0":5,"1":5,"2":5,"3":5,"4":5,"5":5,"6":5,"7":5,"8":5,"9":5,"10":5,"11":5,"12":5,"13":5,"14":5,"15":5,"16":2,"17":4,"18":5},"f":{"0":2,"1":4},"b":{"0":[2,0]},"inputSourceMap":{"0":"{","1":"\"","2":"v","3":"e","4":"r","5":"s","6":"i","7":"o","8":"n","9":"\"","10":":","11":"3","12":",","13":"\"","14":"s","15":"o","16":"u","17":"r","18":"c","19":"e","20":"s","21":"\"","22":":","23":"[","24":"\"","25":"C","26":":","27":"\\","28":"\\","29":"U","30":"s","31":"e","32":"r","33":"s","34":"\\","35":"\\","36":"D","37":"E","38":"L","39":"L","40":"\\","41":"\\","42":"D","43":"e","44":"s","45":"k","46":"t","47":"o","48":"p","49":"\\","50":"\\","51":"C","52":"o","53":"m","54":"p","55":"a","56":"n","57":"i","58":"e","59":"s","60":"\\","61":"\\","62":"C","63":"a","64":"p","65":"g","66":"e","67":"m","68":"i","69":"n","70":"i","71":"\\","72":"\\","73":"P","74":"r","75":"o","76":"j","77":"e","78":"c","79":"t","80":"\\","81":"\\","82":"t","83":"v","84":"-","85":"a","86":"p","87":"p","88":"-","89":"f","90":"i","91":"n","92":"a","93":"l","94":"\\","95":"\\","96":"t","97":"v","98":"-","99":"a","100":"p","101":"p","102":"\\","103":"\\","104":"s","105":"r","106":"c","107":"\\","108":"\\","109":"c","110":"o","111":"m","112":"p","113":"o","114":"n","115":"e","116":"n","117":"t","118":"s","119":"\\","120":"\\","121":"C","122":"a","123":"s","124":"t","125":"C","126":"a","127":"r","128":"d","129":".","130":"v","131":"u","132":"e","133":"\"","134":"]","135":",","136":"\"","137":"n","138":"a","139":"m","140":"e","141":"s","142":"\"","143":":","144":"[","145":"]","146":",","147":"\"","148":"m","149":"a","150":"p","151":"p","152":"i","153":"n","154":"g","155":"s","156":"\"","157":":","158":"\"","159":";","160":";","161":";","162":";","163":";","164":";","165":";","166":"A","167":"A","168":"4","169":"B","170":"A","171":";","172":"A","173":"A","174":"A","175":"A","176":";","177":"A","178":"A","179":"A","180":"A","181":";","182":"A","183":"A","184":"A","185":"g","186":"C","187":";","188":"A","189":"A","190":"A","191":"A","192":",","193":"e","194":"A","195":"C","196":"j","197":"B","198":";","199":"E","200":"A","201":"C","202":"b","203":",","204":"I","205":"A","206":"A","207":"I","208":",","209":"E","210":"A","211":"A","212":"E","213":",","214":"U","215":"A","216":"A","217":"U","218":";","219":"E","220":"A","221":"C","222":"h","223":"B","224":",","225":"Q","226":"A","227":"A","228":"Q","229":",","230":"E","231":"A","232":"A","233":"E","234":";","235":"I","236":"A","237":"C","238":"R","239":";","240":"I","241":"A","242":"A","243":"G","244":";","245":"I","246":"A","247":"A","248":"A","249":";","250":"I","251":"A","252":"A","253":"A","254":";","255":"I","256":"A","257":"A","258":"A","259":";","260":"I","261":"A","262":"A","263":"A","264":";","265":"I","266":"A","267":"A","268":"A","269":",","270":"Q","271":"A","272":"A","273":"Q","274":",","275":"E","276":"A","277":"A","278":"C","279":",","280":"C","281":"A","282":"A","283":"C","284":",","285":"a","286":"A","287":"A","288":"a","289":",","290":"C","291":"A","292":"A","293":"C","294":";","295":"E","296":"A","297":"C","298":"7","299":"B","300":";","301":"A","302":"A","303":"E","304":"F","305":",","306":"C","307":"A","308":"A","309":"C","310":";","311":"A","312":"A","313":"A","314":"A","315":";","316":"A","317":"A","318":"A","319":"A","320":"\"","321":",","322":"\"","323":"f","324":"i","325":"l","326":"e","327":"\"","328":":","329":"\"","330":"C","331":":","332":"\\","333":"\\","334":"U","335":"s","336":"e","337":"r","338":"s","339":"\\","340":"\\","341":"D","342":"E","343":"L","344":"L","345":"\\","346":"\\","347":"D","348":"e","349":"s","350":"k","351":"t","352":"o","353":"p","354":"\\","355":"\\","356":"C","357":"o","358":"m","359":"p","360":"a","361":"n","362":"i","363":"e","364":"s","365":"\\","366":"\\","367":"C","368":"a","369":"p","370":"g","371":"e","372":"m","373":"i","374":"n","375":"i","376":"\\","377":"\\","378":"P","379":"r","380":"o","381":"j","382":"e","383":"c","384":"t","385":"\\","386":"\\","387":"t","388":"v","389":"-","390":"a","391":"p","392":"p","393":"-","394":"f","395":"i","396":"n","397":"a","398":"l","399":"\\","400":"\\","401":"t","402":"v","403":"-","404":"a","405":"p","406":"p","407":"\\","408":"\\","409":"s","410":"r","411":"c","412":"\\","413":"\\","414":"c","415":"o","416":"m","417":"p","418":"o","419":"n","420":"e","421":"n","422":"t","423":"s","424":"\\","425":"\\","426":"C","427":"a","428":"s","429":"t","430":"C","431":"a","432":"r","433":"d","434":".","435":"v","436":"u","437":"e","438":"\"","439":",","440":"\"","441":"s","442":"o","443":"u","444":"r","445":"c","446":"e","447":"s","448":"C","449":"o","450":"n","451":"t","452":"e","453":"n","454":"t","455":"\"","456":":","457":"[","458":"\"","459":"<","460":"t","461":"e","462":"m","463":"p","464":"l","465":"a","466":"t","467":"e","468":">","469":"\\","470":"r","471":"\\","472":"n","473":" ","474":" ","475":"<","476":"d","477":"i","478":"v","479":" ","480":"v","481":"-","482":"i","483":"f","484":"=","485":"\\","486":"\"","487":"c","488":"a","489":"s","490":"t","491":"D","492":"e","493":"t","494":"a","495":"i","496":"l","497":"s","498":".","499":"l","500":"e","501":"n","502":"g","503":"t","504":"h","505":"\\","506":"\"","507":">","508":"\\","509":"r","510":"\\","511":"n","512":" ","513":" ","514":" ","515":" ","516":"<","517":"d","518":"i","519":"v","520":" ","521":"v","522":"-","523":"f","524":"o","525":"r","526":"=","527":"\\","528":"\"","529":"c","530":"a","531":"s","532":"t","533":",","534":" ","535":"i","536":" ","537":"i","538":"n","539":" ","540":"c","541":"a","542":"s","543":"t","544":"D","545":"e","546":"t","547":"a","548":"i","549":"l","550":"s","551":"\\","552":"\"","553":" ","554":":","555":"k","556":"e","557":"y","558":"=","559":"\\","560":"\"","561":"i","562":"\\","563":"\"","564":">","565":"\\","566":"r","567":"\\","568":"n","569":" ","570":" ","571":" ","572":" ","573":" ","574":" ","575":"<","576":"d","577":"i","578":"v","579":" ","580":"c","581":"l","582":"a","583":"s","584":"s","585":"=","586":"\\","587":"\"","588":"c","589":"a","590":"r","591":"d","592":" ","593":"m","594":"b","595":"-","596":"3","597":"\\","598":"\"","599":" ","600":"s","601":"t","602":"y","603":"l","604":"e","605":"=","606":"\\","607":"\"","608":"m","609":"a","610":"x","611":"-","612":"w","613":"i","614":"d","615":"t","616":"h","617":":","618":" ","619":"5","620":"4","621":"0","622":"p","623":"x","624":";","625":"\\","626":"\"","627":">","628":"\\","629":"r","630":"\\","631":"n","632":" ","633":" ","634":" ","635":" ","636":" ","637":" ","638":" ","639":" ","640":"<","641":"d","642":"i","643":"v","644":" ","645":"c","646":"l","647":"a","648":"s","649":"s","650":"=","651":"\\","652":"\"","653":"r","654":"o","655":"w","656":" ","657":"g","658":"-","659":"0","660":"\\","661":"\"","662":">","663":"\\","664":"r","665":"\\","666":"n","667":" ","668":" ","669":" ","670":" ","671":" ","672":" ","673":" ","674":" ","675":" ","676":" ","677":"<","678":"d","679":"i","680":"v","681":" ","682":"c","683":"l","684":"a","685":"s","686":"s","687":"=","688":"\\","689":"\"","690":"c","691":"o","692":"l","693":"-","694":"m","695":"d","696":"-","697":"4","698":"\\","699":"\"","700":">","701":"\\","702":"r","703":"\\","704":"n","705":" ","706":" ","707":" ","708":" ","709":" ","710":" ","711":" ","712":" ","713":" ","714":" ","715":" ","716":" ","717":"<","718":"i","719":"m","720":"g","721":" ","722":":","723":"s","724":"r","725":"c","726":"=","727":"c","728":"a","729":"s","730":"t","731":".","732":"p","733":"e","734":"r","735":"s","736":"o","737":"n","738":".","739":"i","740":"m","741":"a","742":"g","743":"e","744":".","745":"o","746":"r","747":"i","748":"g","749":"i","750":"n","751":"a","752":"l","753":" ","754":"c","755":"l","756":"a","757":"s","758":"s","759":"=","760":"\\","761":"\"","762":"i","763":"m","764":"g","765":"-","766":"f","767":"l","768":"u","769":"i","770":"d","771":" ","772":"r","773":"o","774":"u","775":"n","776":"d","777":"e","778":"d","779":"-","780":"s","781":"t","782":"a","783":"r","784":"t","785":"\\","786":"\"","787":" ","788":"a","789":"l","790":"t","791":"=","792":"\\","793":"\"","794":"C","795":"a","796":"s","797":"t","798":" ","799":"I","800":"m","801":"a","802":"g","803":"e","804":"\\","805":"\"","806":">","807":"\\","808":"r","809":"\\","810":"n","811":" ","812":" ","813":" ","814":" ","815":" ","816":" ","817":" ","818":" ","819":" ","820":" ","821":"<","822":"/","823":"d","824":"i","825":"v","826":">","827":"\\","828":"r","829":"\\","830":"n","831":" ","832":" ","833":" ","834":" ","835":" ","836":" ","837":" ","838":" ","839":" ","840":" ","841":"<","842":"d","843":"i","844":"v","845":" ","846":"c","847":"l","848":"a","849":"s","850":"s","851":"=","852":"\\","853":"\"","854":"c","855":"o","856":"l","857":"-","858":"m","859":"d","860":"-","861":"8","862":"\\","863":"\"","864":">","865":"\\","866":"r","867":"\\","868":"n","869":" ","870":" ","871":" ","872":" ","873":" ","874":" ","875":" ","876":" ","877":" ","878":" ","879":" ","880":" ","881":"<","882":"d","883":"i","884":"v","885":" ","886":"c","887":"l","888":"a","889":"s","890":"s","891":"=","892":"\\","893":"\"","894":"c","895":"a","896":"r","897":"d","898":"-","899":"b","900":"o","901":"d","902":"y","903":"\\","904":"\"","905":">","906":"\\","907":"r","908":"\\","909":"n","910":" ","911":" ","912":" ","913":" ","914":" ","915":" ","916":" ","917":" ","918":" ","919":" ","920":" ","921":" ","922":" ","923":" ","924":"<","925":"h","926":"5","927":" ","928":"c","929":"l","930":"a","931":"s","932":"s","933":"=","934":"\\","935":"\"","936":"c","937":"a","938":"r","939":"d","940":"-","941":"t","942":"i","943":"t","944":"l","945":"e","946":"\\","947":"\"","948":">","949":"{","950":"{","951":" ","952":"c","953":"a","954":"s","955":"t","956":".","957":"p","958":"e","959":"r","960":"s","961":"o","962":"n","963":".","964":"n","965":"a","966":"m","967":"e","968":" ","969":"}","970":"}","971":"<","972":"/","973":"h","974":"5","975":">","976":"\\","977":"r","978":"\\","979":"n","980":" ","981":" ","982":" ","983":" ","984":" ","985":" ","986":" ","987":" ","988":" ","989":" ","990":" ","991":" ","992":" ","993":" ","994":"<","995":"d","996":"i","997":"v","998":" ","999":"c","1000":"l","1001":"a","1002":"s","1003":"s","1004":"=","1005":"\\","1006":"\"","1007":"c","1008":"a","1009":"r","1010":"d","1011":"-","1012":"t","1013":"e","1014":"x","1015":"t","1016":"\\","1017":"\"","1018":">","1019":"\\","1020":"r","1021":"\\","1022":"n","1023":" ","1024":" ","1025":" ","1026":" ","1027":" ","1028":" ","1029":" ","1030":" ","1031":" ","1032":" ","1033":" ","1034":" ","1035":" ","1036":" ","1037":" ","1038":" ","1039":"<","1040":"p","1041":">","1042":"B","1043":"i","1044":"r","1045":"t","1046":"h","1047":"d","1048":"a","1049":"y","1050":":","1051":" ","1052":"{","1053":"{","1054":" ","1055":"c","1056":"a","1057":"s","1058":"t","1059":".","1060":"p","1061":"e","1062":"r","1063":"s","1064":"o","1065":"n","1066":".","1067":"b","1068":"i","1069":"r","1070":"t","1071":"h","1072":"d","1073":"a","1074":"y","1075":" ","1076":"}","1077":"}","1078":"<","1079":"/","1080":"p","1081":">","1082":"\\","1083":"r","1084":"\\","1085":"n","1086":" ","1087":" ","1088":" ","1089":" ","1090":" ","1091":" ","1092":" ","1093":" ","1094":" ","1095":" ","1096":" ","1097":" ","1098":" ","1099":" ","1100":" ","1101":" ","1102":"<","1103":"p","1104":">","1105":"G","1106":"e","1107":"n","1108":"d","1109":"e","1110":"r","1111":":","1112":" ","1113":"{","1114":"{","1115":" ","1116":"c","1117":"a","1118":"s","1119":"t","1120":".","1121":"p","1122":"e","1123":"r","1124":"s","1125":"o","1126":"n","1127":".","1128":"g","1129":"e","1130":"n","1131":"d","1132":"e","1133":"r","1134":" ","1135":"}","1136":"}","1137":"<","1138":"/","1139":"p","1140":">","1141":"\\","1142":"r","1143":"\\","1144":"n","1145":" ","1146":" ","1147":" ","1148":" ","1149":" ","1150":" ","1151":" ","1152":" ","1153":" ","1154":" ","1155":" ","1156":" ","1157":" ","1158":" ","1159":" ","1160":" ","1161":"<","1162":"p","1163":">","1164":"C","1165":"h","1166":"a","1167":"r","1168":"a","1169":"c","1170":"t","1171":"e","1172":"r","1173":" ","1174":"N","1175":"a","1176":"m","1177":"e","1178":":","1179":" ","1180":"{","1181":"{","1182":" ","1183":"c","1184":"a","1185":"s","1186":"t","1187":".","1188":"c","1189":"h","1190":"a","1191":"r","1192":"a","1193":"c","1194":"t","1195":"e","1196":"r","1197":".","1198":"n","1199":"a","1200":"m","1201":"e","1202":" ","1203":"}","1204":"}","1205":"<","1206":"/","1207":"p","1208":">","1209":"\\","1210":"r","1211":"\\","1212":"n","1213":" ","1214":" ","1215":" ","1216":" ","1217":" ","1218":" ","1219":" ","1220":" ","1221":" ","1222":" ","1223":" ","1224":" ","1225":" ","1226":" ","1227":"<","1228":"/","1229":"d","1230":"i","1231":"v","1232":">","1233":"\\","1234":"r","1235":"\\","1236":"n","1237":" ","1238":" ","1239":" ","1240":" ","1241":" ","1242":" ","1243":" ","1244":" ","1245":" ","1246":" ","1247":" ","1248":" ","1249":"<","1250":"/","1251":"d","1252":"i","1253":"v","1254":">","1255":"\\","1256":"r","1257":"\\","1258":"n","1259":" ","1260":" ","1261":" ","1262":" ","1263":" ","1264":" ","1265":" ","1266":" ","1267":" ","1268":" ","1269":"<","1270":"/","1271":"d","1272":"i","1273":"v","1274":">","1275":"\\","1276":"r","1277":"\\","1278":"n","1279":" ","1280":" ","1281":" ","1282":" ","1283":" ","1284":" ","1285":" ","1286":" ","1287":"<","1288":"/","1289":"d","1290":"i","1291":"v","1292":">","1293":"\\","1294":"r","1295":"\\","1296":"n","1297":" ","1298":" ","1299":" ","1300":" ","1301":" ","1302":" ","1303":"<","1304":"/","1305":"d","1306":"i","1307":"v","1308":">","1309":"\\","1310":"r","1311":"\\","1312":"n","1313":" ","1314":" ","1315":" ","1316":" ","1317":"<","1318":"/","1319":"d","1320":"i","1321":"v","1322":">","1323":"\\","1324":"r","1325":"\\","1326":"n","1327":" ","1328":" ","1329":"<","1330":"/","1331":"d","1332":"i","1333":"v","1334":">","1335":"\\","1336":"r","1337":"\\","1338":"n","1339":" ","1340":" ","1341":"<","1342":"d","1343":"i","1344":"v","1345":" ","1346":"v","1347":"-","1348":"e","1349":"l","1350":"s","1351":"e","1352":">","1353":"\\","1354":"r","1355":"\\","1356":"n","1357":" ","1358":" ","1359":" ","1360":" ","1361":"I","1362":"n","1363":"f","1364":"o","1365":"r","1366":"m","1367":"a","1368":"t","1369":"i","1370":"o","1371":"n","1372":" ","1373":"n","1374":"o","1375":"t","1376":" ","1377":"a","1378":"v","1379":"a","1380":"i","1381":"l","1382":"a","1383":"b","1384":"l","1385":"e","1386":"!","1387":"\\","1388":"r","1389":"\\","1390":"n","1391":" ","1392":" ","1393":"<","1394":"/","1395":"d","1396":"i","1397":"v","1398":">","1399":"\\","1400":"r","1401":"\\","1402":"n","1403":"<","1404":"/","1405":"t","1406":"e","1407":"m","1408":"p","1409":"l","1410":"a","1411":"t","1412":"e","1413":">","1414":"\\","1415":"r","1416":"\\","1417":"n","1418":"\\","1419":"r","1420":"\\","1421":"n","1422":"<","1423":"s","1424":"c","1425":"r","1426":"i","1427":"p","1428":"t","1429":">","1430":"\\","1431":"r","1432":"\\","1433":"n","1434":"i","1435":"m","1436":"p","1437":"o","1438":"r","1439":"t","1440":" ","1441":"{","1442":" ","1443":"m","1444":"a","1445":"p","1446":"S","1447":"t","1448":"a","1449":"t","1450":"e","1451":" ","1452":"}","1453":" ","1454":"f","1455":"r","1456":"o","1457":"m","1458":" ","1459":"'","1460":"v","1461":"u","1462":"e","1463":"x","1464":"'","1465":";","1466":"\\","1467":"r","1468":"\\","1469":"n","1470":"e","1471":"x","1472":"p","1473":"o","1474":"r","1475":"t","1476":" ","1477":"d","1478":"e","1479":"f","1480":"a","1481":"u","1482":"l","1483":"t","1484":" ","1485":"{","1486":"\\","1487":"r","1488":"\\","1489":"n","1490":" ","1491":" ","1492":"n","1493":"a","1494":"m","1495":"e","1496":":","1497":" ","1498":"'","1499":"C","1500":"a","1501":"s","1502":"t","1503":"C","1504":"a","1505":"r","1506":"d","1507":"'","1508":",","1509":"\\","1510":"r","1511":"\\","1512":"n","1513":" ","1514":" ","1515":"c","1516":"o","1517":"m","1518":"p","1519":"u","1520":"t","1521":"e","1522":"d","1523":":","1524":" ","1525":"{","1526":"\\","1527":"r","1528":"\\","1529":"n","1530":" ","1531":" ","1532":" ","1533":" ","1534":".","1535":".","1536":".","1537":"m","1538":"a","1539":"p","1540":"S","1541":"t","1542":"a","1543":"t","1544":"e","1545":"(","1546":"[","1547":"\\","1548":"\"","1549":"c","1550":"a","1551":"s","1552":"t","1553":"D","1554":"e","1555":"t","1556":"a","1557":"i","1558":"l","1559":"s","1560":"\\","1561":"\"","1562":"]","1563":")","1564":"\\","1565":"r","1566":"\\","1567":"n","1568":" ","1569":" ","1570":"}","1571":"\\","1572":"r","1573":"\\","1574":"n","1575":"\\","1576":"r","1577":"\\","1578":"n","1579":"}","1580":"\\","1581":"r","1582":"\\","1583":"n","1584":"<","1585":"/","1586":"s","1587":"c","1588":"r","1589":"i","1590":"p","1591":"t","1592":">","1593":"\\","1594":"r","1595":"\\","1596":"n","1597":"\\","1598":"r","1599":"\\","1600":"n","1601":"<","1602":"s","1603":"t","1604":"y","1605":"l","1606":"e","1607":">","1608":"\\","1609":"r","1610":"\\","1611":"n","1612":"\\","1613":"r","1614":"\\","1615":"n","1616":"<","1617":"/","1618":"s","1619":"t","1620":"y","1621":"l","1622":"e","1623":">","1624":"\"","1625":"]","1626":"}"},"_coverageSchema":"1a1c01bbd47fc00a2c39e90264f33305004495a9","hash":"f3dee243a1e3b9ae38249a03266871b3e9cbff7f"}
,"C:\\Users\\DELL\\Desktop\\Companies\\Capgemini\\Project\\tv-app-final\\tv-app\\src\\components\\HeaderComponent.vue": {"path":"C:\\Users\\DELL\\Desktop\\Companies\\Capgemini\\Project\\tv-app-final\\tv-app\\src\\components\\HeaderComponent.vue","statementMap":{"0":{"start":{"line":4,"column":0},"end":{"line":6,"column":3}},"1":{"start":{"line":7,"column":0},"end":{"line":7,"column":25}},"2":{"start":{"line":8,"column":0},"end":{"line":8,"column":44}},"3":{"start":{"line":9,"column":15},"end":{"line":23,"column":1}},"4":{"start":{"line":12,"column":4},"end":{"line":14,"column":6}},"5":{"start":{"line":18,"column":6},"end":{"line":20,"column":9}},"6":{"start":{"line":26,"column":0},"end":{"line":26,"column":13}},"7":{"start":{"line":28,"column":0},"end":{"line":30,"column":3}},"8":{"start":{"line":31,"column":0},"end":{"line":31,"column":24}},"9":{"start":{"line":32,"column":11},"end":{"line":32,"column":25}},"10":{"start":{"line":33,"column":19},"end":{"line":35,"column":1}},"11":{"start":{"line":36,"column":19},"end":{"line":38,"column":1}},"12":{"start":{"line":39,"column":32},"end":{"line":46,"column":32}},"13":{"start":{"line":47,"column":19},"end":{"line":50,"column":1}},"14":{"start":{"line":52,"column":2},"end":{"line":62,"column":21}},"15":{"start":{"line":57,"column":63},"end":{"line":57,"column":87}},"16":{"start":{"line":61,"column":49},"end":{"line":61,"column":66}},"17":{"start":{"line":63,"column":2},"end":{"line":63,"column":49}}},"fnMap":{"0":{"name":"(anonymous_0)","decl":{"start":{"line":11,"column":2},"end":{"line":11,"column":3}},"loc":{"start":{"line":11,"column":9},"end":{"line":15,"column":3}},"line":11},"1":{"name":"(anonymous_1)","decl":{"start":{"line":17,"column":4},"end":{"line":17,"column":5}},"loc":{"start":{"line":17,"column":17},"end":{"line":21,"column":5}},"line":17},"2":{"name":"render","decl":{"start":{"line":51,"column":9},"end":{"line":51,"column":15}},"loc":{"start":{"line":51,"column":30},"end":{"line":63,"column":1}},"line":51},"3":{"name":"(anonymous_3)","decl":{"start":{"line":57,"column":53},"end":{"line":57,"column":54}},"loc":{"start":{"line":57,"column":63},"end":{"line":57,"column":87}},"line":57},"4":{"name":"(anonymous_4)","decl":{"start":{"line":61,"column":39},"end":{"line":61,"column":40}},"loc":{"start":{"line":61,"column":49},"end":{"line":61,"column":66}},"line":61}},"branchMap":{"0":{"loc":{"start":{"line":57,"column":27},"end":{"line":57,"column":88}},"type":"binary-expr","locations":[{"start":{"line":57,"column":27},"end":{"line":57,"column":36}},{"start":{"line":57,"column":41},"end":{"line":57,"column":87}}],"line":57},"1":{"loc":{"start":{"line":61,"column":13},"end":{"line":61,"column":67}},"type":"binary-expr","locations":[{"start":{"line":61,"column":13},"end":{"line":61,"column":22}},{"start":{"line":61,"column":27},"end":{"line":61,"column":66}}],"line":61}},"s":{"0":2,"1":2,"2":2,"3":2,"4":10,"5":1,"6":2,"7":2,"8":2,"9":2,"10":2,"11":2,"12":2,"13":2,"14":11,"15":0,"16":0,"17":2},"f":{"0":10,"1":1,"2":11,"3":0,"4":0},"b":{"0":[11,10],"1":[11,10]},"inputSourceMap":{"0":"{","1":"\"","2":"v","3":"e","4":"r","5":"s","6":"i","7":"o","8":"n","9":"\"","10":":","11":"3","12":",","13":"\"","14":"s","15":"o","16":"u","17":"r","18":"c","19":"e","20":"s","21":"\"","22":":","23":"[","24":"\"","25":"C","26":":","27":"\\","28":"\\","29":"U","30":"s","31":"e","32":"r","33":"s","34":"\\","35":"\\","36":"D","37":"E","38":"L","39":"L","40":"\\","41":"\\","42":"D","43":"e","44":"s","45":"k","46":"t","47":"o","48":"p","49":"\\","50":"\\","51":"C","52":"o","53":"m","54":"p","55":"a","56":"n","57":"i","58":"e","59":"s","60":"\\","61":"\\","62":"C","63":"a","64":"p","65":"g","66":"e","67":"m","68":"i","69":"n","70":"i","71":"\\","72":"\\","73":"P","74":"r","75":"o","76":"j","77":"e","78":"c","79":"t","80":"\\","81":"\\","82":"t","83":"v","84":"-","85":"a","86":"p","87":"p","88":"-","89":"f","90":"i","91":"n","92":"a","93":"l","94":"\\","95":"\\","96":"t","97":"v","98":"-","99":"a","100":"p","101":"p","102":"\\","103":"\\","104":"s","105":"r","106":"c","107":"\\","108":"\\","109":"c","110":"o","111":"m","112":"p","113":"o","114":"n","115":"e","116":"n","117":"t","118":"s","119":"\\","120":"\\","121":"H","122":"e","123":"a","124":"d","125":"e","126":"r","127":"C","128":"o","129":"m","130":"p","131":"o","132":"n","133":"e","134":"n","135":"t","136":".","137":"v","138":"u","139":"e","140":"\"","141":"]","142":",","143":"\"","144":"n","145":"a","146":"m","147":"e","148":"s","149":"\"","150":":","151":"[","152":"]","153":",","154":"\"","155":"m","156":"a","157":"p","158":"p","159":"i","160":"n","161":"g","162":"s","163":"\"","164":":","165":"\"","166":";","167":";","168":";","169":";","170":";","171":";","172":";","173":";","174":"e","175":"A","176":"e","177":"e","178":";","179":"E","180":"A","181":"C","182":"X","183":",","184":"I","185":"A","186":"A","187":"I","188":",","189":"E","190":"A","191":"A","192":"E","193":",","194":"i","195":"B","196":"A","197":"A","198":"i","199":"B","200":";","201":"E","202":"A","203":"C","204":"v","205":"B","206":",","207":"I","208":"A","209":"A","210":"I","211":",","212":"G","213":"A","214":"A","215":"G","216":";","217":"I","218":"A","219":"C","220":"L","221":",","222":"O","223":"A","224":"A","225":"M","226":";","227":"M","228":"A","229":"C","230":"J","231":",","232":"U","233":"A","234":"A","235":"U","236":",","237":"E","238":"A","239":"A","240":"C","241":";","242":"I","243":"A","244":"C","245":"b","246":",","247":"C","248":"A","249":"A","250":"C","251":";","252":"E","253":"A","254":"C","255":"H","256":",","257":"C","258":"A","259":"A","260":"C","261":";","262":"E","263":"A","264":"C","265":"D","266":",","267":"O","268":"A","269":"A","270":"O","271":",","272":"E","273":"A","274":"A","275":"E","276":";","277":"I","278":"A","279":"C","280":"P","281":",","282":"U","283":"A","284":"A","285":"U","286":",","287":"G","288":"A","289":"A","290":"G","291":";","292":"M","293":"A","294":"C","295":"X","296":",","297":"I","298":"A","299":"A","300":"I","301":",","302":"C","303":"A","304":"A","305":"C","306":",","307":"O","308":"A","309":"A","310":"O","311":",","312":"C","313":"A","314":"A","315":"C","316":",","317":"I","318":"A","319":"A","320":"I","321":",","322":"C","323":"A","324":"A","325":"C","326":";","327":"Q","328":"A","329":"A","330":"E","331":",","332":"I","333":"A","334":"A","335":"I","336":",","337":"E","338":"A","339":"A","340":"G","341":",","342":"W","343":"A","344":"A","345":"U","346":",","347":"I","348":"A","349":"A","350":"I","351":",","352":"C","353":"A","354":"A","355":"C","356":",","357":"U","358":"A","359":"A","360":"W","361":";","362":"M","363":"A","364":"A","365":"E","366":",","367":"C","368":"A","369":"A","370":"C","371":",","372":"C","373":"A","374":"A","375":"C","376":";","377":"I","378":"A","379":"C","380":"3","381":"D","382":";","383":"E","384":"A","385":"C","386":"F","387":";","388":"A","389":"A","390":"C","391":"J","392":",","393":"C","394":"A","395":"A","396":"C","397":";","398":"A","399":"A","400":"A","401":"A","402":";","403":"A","404":"A","405":"A","406":"A","407":"\"","408":",","409":"\"","410":"f","411":"i","412":"l","413":"e","414":"\"","415":":","416":"\"","417":"C","418":":","419":"\\","420":"\\","421":"U","422":"s","423":"e","424":"r","425":"s","426":"\\","427":"\\","428":"D","429":"E","430":"L","431":"L","432":"\\","433":"\\","434":"D","435":"e","436":"s","437":"k","438":"t","439":"o","440":"p","441":"\\","442":"\\","443":"C","444":"o","445":"m","446":"p","447":"a","448":"n","449":"i","450":"e","451":"s","452":"\\","453":"\\","454":"C","455":"a","456":"p","457":"g","458":"e","459":"m","460":"i","461":"n","462":"i","463":"\\","464":"\\","465":"P","466":"r","467":"o","468":"j","469":"e","470":"c","471":"t","472":"\\","473":"\\","474":"t","475":"v","476":"-","477":"a","478":"p","479":"p","480":"-","481":"f","482":"i","483":"n","484":"a","485":"l","486":"\\","487":"\\","488":"t","489":"v","490":"-","491":"a","492":"p","493":"p","494":"\\","495":"\\","496":"s","497":"r","498":"c","499":"\\","500":"\\","501":"c","502":"o","503":"m","504":"p","505":"o","506":"n","507":"e","508":"n","509":"t","510":"s","511":"\\","512":"\\","513":"H","514":"e","515":"a","516":"d","517":"e","518":"r","519":"C","520":"o","521":"m","522":"p","523":"o","524":"n","525":"e","526":"n","527":"t","528":".","529":"v","530":"u","531":"e","532":"\"","533":",","534":"\"","535":"s","536":"o","537":"u","538":"r","539":"c","540":"e","541":"s","542":"C","543":"o","544":"n","545":"t","546":"e","547":"n","548":"t","549":"\"","550":":","551":"[","552":"\"","553":"<","554":"t","555":"e","556":"m","557":"p","558":"l","559":"a","560":"t","561":"e","562":">","563":"\\","564":"r","565":"\\","566":"n","567":" ","568":" ","569":"<","570":"n","571":"a","572":"v","573":" ","574":"c","575":"l","576":"a","577":"s","578":"s","579":"=","580":"\\","581":"\"","582":"n","583":"a","584":"v","585":"b","586":"a","587":"r","588":" ","589":"t","590":"o","591":"p","592":"-","593":"f","594":"i","595":"x","596":"e","597":"d","598":"\\","599":"\"","600":">","601":"\\","602":"r","603":"\\","604":"n","605":" ","606":" ","607":"<","608":"d","609":"i","610":"v","611":" ","612":"c","613":"l","614":"a","615":"s","616":"s","617":"=","618":"\\","619":"\"","620":"c","621":"o","622":"n","623":"t","624":"a","625":"i","626":"n","627":"e","628":"r","629":"-","630":"f","631":"l","632":"u","633":"i","634":"d","635":"\\","636":"\"","637":">","638":"\\","639":"r","640":"\\","641":"n","642":" ","643":" ","644":" ","645":" ","646":"<","647":"d","648":"i","649":"v","650":" ","651":"c","652":"l","653":"a","654":"s","655":"s","656":"=","657":"\\","658":"\"","659":"c","660":"e","661":"n","662":"t","663":"e","664":"r","665":"\\","666":"\"","667":">","668":"\\","669":"r","670":"\\","671":"n","672":" ","673":" ","674":" ","675":" ","676":" ","677":" ","678":"<","679":"a","680":" ","681":"c","682":"l","683":"a","684":"s","685":"s","686":"=","687":"\\","688":"\"","689":"n","690":"a","691":"v","692":"b","693":"a","694":"r","695":"-","696":"t","697":"e","698":"x","699":"t","700":" ","701":"t","702":"e","703":"x","704":"t","705":"-","706":"d","707":"e","708":"o","709":"c","710":"a","711":"t","712":"i","713":"o","714":"n","715":"-","716":"n","717":"o","718":"n","719":"e","720":"\\","721":"\"","722":" ","723":"h","724":"r","725":"e","726":"f","727":"=","728":"\\","729":"\"","730":"/","731":"\\","732":"\"","733":">","734":"T","735":"V","736":"<","737":"s","738":"p","739":"a","740":"n","741":" ","742":"c","743":"l","744":"a","745":"s","746":"s","747":"=","748":"\\","749":"\"","750":"m","751":"a","752":"z","753":"e","754":"\\","755":"\"","756":">","757":"M","758":"a","759":"z","760":"e","761":"<","762":"/","763":"s","764":"p","765":"a","766":"n","767":">","768":"<","769":"/","770":"a","771":">","772":"\\","773":"r","774":"\\","775":"n","776":" ","777":" ","778":" ","779":" ","780":"<","781":"/","782":"d","783":"i","784":"v","785":">","786":"\\","787":"r","788":"\\","789":"n","790":" ","791":" ","792":" ","793":" ","794":" ","795":" ","796":"<","797":"f","798":"o","799":"r","800":"m","801":" ","802":"c","803":"l","804":"a","805":"s","806":"s","807":"=","808":"\\","809":"\"","810":"d","811":"-","812":"f","813":"l","814":"e","815":"x","816":"\\","817":"\"","818":" ","819":"r","820":"o","821":"l","822":"e","823":"=","824":"\\","825":"\"","826":"s","827":"e","828":"a","829":"r","830":"c","831":"h","832":"\\","833":"\"","834":" ","835":">","836":"\\","837":"r","838":"\\","839":"n","840":" ","841":" ","842":" ","843":" ","844":" ","845":" ","846":" ","847":" ","848":"<","849":"i","850":"n","851":"p","852":"u","853":"t","854":" ","855":"c","856":"l","857":"a","858":"s","859":"s","860":"=","861":"\\","862":"\"","863":"f","864":"o","865":"r","866":"m","867":"-","868":"c","869":"o","870":"n","871":"t","872":"r","873":"o","874":"l","875":" ","876":"m","877":"e","878":"-","879":"2","880":"\\","881":"\"","882":" ","883":"t","884":"y","885":"p","886":"e","887":"=","888":"\\","889":"\"","890":"s","891":"e","892":"a","893":"r","894":"c","895":"h","896":"\\","897":"\"","898":" ","899":"p","900":"l","901":"a","902":"c","903":"e","904":"h","905":"o","906":"l","907":"d","908":"e","909":"r","910":"=","911":"\\","912":"\"","913":"S","914":"e","915":"a","916":"r","917":"c","918":"h","919":"\\","920":"\"","921":" ","922":"a","923":"r","924":"i","925":"a","926":"-","927":"l","928":"a","929":"b","930":"e","931":"l","932":"=","933":"\\","934":"\"","935":"S","936":"e","937":"a","938":"r","939":"c","940":"h","941":"\\","942":"\"","943":" ","944":"v","945":"-","946":"m","947":"o","948":"d","949":"e","950":"l","951":"=","952":"\\","953":"\"","954":"s","955":"e","956":"a","957":"r","958":"c","959":"h","960":"N","961":"a","962":"m","963":"e","964":"\\","965":"\"","966":" ","967":">","968":"\\","969":"r","970":"\\","971":"n","972":" ","973":" ","974":" ","975":" ","976":" ","977":" ","978":" ","979":" ","980":"<","981":"b","982":"u","983":"t","984":"t","985":"o","986":"n","987":" ","988":"c","989":"l","990":"a","991":"s","992":"s","993":"=","994":"\\","995":"\"","996":"b","997":"t","998":"n","999":" ","1000":"s","1001":"e","1002":"a","1003":"r","1004":"c","1005":"h","1006":"-","1007":"b","1008":"t","1009":"n","1010":"\\","1011":"\"","1012":" ","1013":"t","1014":"y","1015":"p","1016":"e","1017":"=","1018":"\\","1019":"\"","1020":"s","1021":"u","1022":"b","1023":"m","1024":"i","1025":"t","1026":"\\","1027":"\"","1028":" ","1029":"@","1030":"c","1031":"l","1032":"i","1033":"c","1034":"k","1035":"=","1036":"\\","1037":"\"","1038":"s","1039":"e","1040":"a","1041":"r","1042":"c","1043":"h","1044":"S","1045":"h","1046":"o","104
[...]
:{"line":77,"column":161}}],"line":70}},"s":{"0":3,"1":3,"2":3,"3":3,"4":3,"5":3,"6":3,"7":3,"8":3,"9":4,"10":4,"11":4,"12":0,"13":3},"f":{"0":4,"1":0},"b":{"0":[0,4]},"inputSourceMap":{"0":"{","1":"\"","2":"v","3":"e","4":"r","5":"s","6":"i","7":"o","8":"n","9":"\"","10":":","11":"3","12":",","13":"\"","14":"s","15":"o","16":"u","17":"r","18":"c","19":"e","20":"s","21":"\"","22":":","23":"[","24":"\"","25":"C","26":":","27":"\\","28":"\\","29":"U","30":"s","31":"e","32":"r","33":"s","34":"\\","35":"\\","36":"D","37":"E","38":"L","39":"L","40":"\\","41":"\\","42":"D","43":"e","44":"s","45":"k","46":"t","47":"o","48":"p","49":"\\","50":"\\","51":"C","52":"o","53":"m","54":"p","55":"a","56":"n","57":"i","58":"e","59":"s","60":"\\","61":"\\","62":"C","63":"a","64":"p","65":"g","66":"e","67":"m","68":"i","69":"n","70":"i","71":"\\","72":"\\","73":"P","74":"r","75":"o","76":"j","77":"e","78":"c","79":"t","80":"\\","81":"\\","82":"t","83":"v","84":"-","85":"a","86":"p","87":"p","88":"-","89":"f","90":"i","91":"n","92":"a","93":"l","94":"\\","95":"\\","96":"t","97":"v","98":"-","99":"a","100":"p","101":"p","102":"\\","103":"\\","104":"s","105":"r","106":"c","107":"\\","108":"\\","109":"v","110":"i","111":"e","112":"w","113":"s","114":"\\","115":"\\","116":"V","117":"i","118":"e","119":"w","120":"C","121":"a","122":"t","123":"e","124":"g","125":"o","126":"r","127":"y","128":".","129":"v","130":"u","131":"e","132":"\"","133":"]","134":",","135":"\"","136":"n","137":"a","138":"m","139":"e","140":"s","141":"\"","142":":","143":"[","144":"]","145":",","146":"\"","147":"m","148":"a","149":"p","150":"p","151":"i","152":"n","153":"g","154":"s","155":"\"","156":":","157":"\"","158":";","159":";","160":";","161":";","162":";","163":";","164":";","165":";","166":"A","167":"A","168":"Y","169":"A","170":";","171":"A","172":"A","173":"A","174":"A","175":";","176":"A","177":"A","178":"A","179":"A","180":";","181":"A","182":"A","183":"C","184":"A","185":";","186":"A","187":"A","188":"A","189":"A","190":";","191":"A","192":"A","193":"A","194":"A","195":";","196":"A","197":"A","198":"C","199":"A","200":";","201":"A","202":"A","203":"A","204":"A","205":";","206":"A","207":"A","208":"A","209":"A","210":";","211":"A","212":"A","213":"A","214":"8","215":"C","216":";","217":"A","218":"A","219":"A","220":"A","221":",","222":"e","223":"A","224":"C","225":"/","226":"B","227":";","228":"E","229":"A","230":"C","231":"X","232":",","233":"I","234":"A","235":"A","236":"I","237":",","238":"E","239":"A","240":"A","241":"E","242":",","243":"c","244":"A","245":"A","246":"c","247":";","248":"E","249":"A","250":"C","251":"p","252":"B","253":",","254":"I","255":"A","256":"A","257":"I","258":",","259":"G","260":"A","261":"A","262":"G","263":";","264":"I","265":"A","266":"C","267":"H","268":",","269":"O","270":"A","271":"A","272":"O","273":";","274":"M","275":"A","276":"C","277":"H","278":",","279":"Y","280":"A","281":"A","282":"Y","283":",","284":"E","285":"A","286":"A","287":"E","288":";","289":"I","290":"A","291":"C","292":"l","293":"B","294":",","295":"C","296":"A","297":"A","298":"C","299":";","300":"E","301":"A","302":"C","303":"L","304":",","305":"C","306":"A","307":"A","308":"C","309":";","310":"E","311":"A","312":"C","313":"D","314":",","315":"U","316":"A","317":"A","318":"U","319":",","320":"E","321":"A","322":"A","323":"E","324":";","325":"I","326":"A","327":"C","328":"R","329":",","330":"a","331":"A","332":"A","333":"a","334":";","335":"I","336":"A","337":"A","338":"b","339":";","340":"I","341":"A","342":"A","343":"A","344":";","345":"I","346":"A","347":"A","348":"A","349":";","350":"I","351":"A","352":"A","353":"A","354":",","355":"O","356":"A","357":"A","358":"a","359":";","360":"I","361":"A","362":"C","363":"b","364":",","365":"Y","366":"A","367":"A","368":"Y","369":";","370":"I","371":"A","372":"A","373":"Z","374":";","375":"I","376":"A","377":"A","378":"A","379":";","380":"I","381":"A","382":"A","383":"A","384":";","385":"I","386":"A","387":"A","388":"A","389":";","390":"E","391":"A","392":"C","393":"J","394":",","395":"C","396":"A","397":"A","398":"C","399":";","400":"E","401":"A","402":"C","403":"D","404":",","405":"Q","406":"A","407":"A","408":"Q","409":",","410":"E","411":"A","412":"A","413":"E","414":";","415":"I","416":"A","417":"C","418":"N","419":";","420":"I","421":"A","422":"A","423":"G","424":";","425":"I","426":"A","427":"A","428":"A","429":";","430":"I","431":"A","432":"A","433":"A","434":";","435":"I","436":"A","437":"A","438":"A","439":";","440":"I","441":"A","442":"A","443":"A","444":";","445":"I","446":"A","447":"A","448":"A","449":",","450":"U","451":"A","452":"A","453":"U","454":",","455":"E","456":"A","457":"A","458":"C","459":",","460":"C","461":"A","462":"A","463":"C","464":",","465":"e","466":"A","467":"A","468":"e","469":",","470":"C","471":"A","472":"A","473":"C","474":";","475":"E","476":"A","477":"C","478":"n","479":"C","480":",","481":"C","482":"A","483":"A","484":"C","485":";","486":"E","487":"A","488":"C","489":"D","490":",","491":"M","492":"A","493":"A","494":"M","495":",","496":"O","497":"A","498":"A","499":"O","500":",","501":"G","502":"A","503":"A","504":"G","505":";","506":"I","507":"A","508":"C","509":"Z","510":",","511":"I","512":"A","513":"A","514":"I","515":",","516":"C","517":"A","518":"A","519":"C","520":",","521":"Y","522":"A","523":"A","524":"Y","525":",","526":"G","527":"A","528":"A","529":"G","530":",","531":"M","532":"A","533":"A","534":"M","535":",","536":"I","537":"A","538":"A","539":"I","540":",","541":"C","542":"A","543":"A","544":"C","545":",","546":"M","547":"A","548":"A","549":"M","550":",","551":"C","552":"A","553":"A","554":"C","555":",","556":"M","557":"A","558":"A","559":"M","560":",","561":"C","562":"A","563":"A","564":"C","565":",","566":"S","567":"A","568":"A","569":"S","570":";","571":"E","572":"A","573":"C","574":"1","575":"D","576":";","577":"A","578":"A","579":"C","580":"J","581":",","582":"C","583":"A","584":"A","585":"C","586":";","587":"A","588":"A","589":"A","590":"A","591":";","592":"A","593":"A","594":"A","595":"A","596":"\"","597":",","598":"\"","599":"f","600":"i","601":"l","602":"e","603":"\"","604":":","605":"\"","606":"C","607":":","608":"\\","609":"\\","610":"U","611":"s","612":"e","613":"r","614":"s","615":"\\","616":"\\","617":"D","618":"E","619":"L","620":"L","621":"\\","622":"\\","623":"D","624":"e","625":"s","626":"k","627":"t","628":"o","629":"p","630":"\\","631":"\\","632":"C","633":"o","634":"m","635":"p","636":"a","637":"n","638":"i","639":"e","640":"s","641":"\\","642":"\\","643":"C","644":"a","645":"p","646":"g","647":"e","648":"m","649":"i","650":"n","651":"i","652":"\\","653":"\\","654":"P","655":"r","656":"o","657":"j","658":"e","659":"c","660":"t","661":"\\","662":"\\","663":"t","664":"v","665":"-","666":"a","667":"p","668":"p","669":"-","670":"f","671":"i","672":"n","673":"a","674":"l","675":"\\","676":"\\","677":"t","678":"v","679":"-","680":"a","681":"p","682":"p","683":"\\","684":"\\","685":"s","686":"r","687":"c","688":"\\","689":"\\","690":"v","691":"i","692":"e","693":"w","694":"s","695":"\\","696":"\\","697":"V","698":"i","699":"e","700":"w","701":"C","702":"a","703":"t","704":"e","705":"g","706":"o","707":"r","708":"y","709":".","710":"v","711":"u","712":"e","713":"\"","714":",","715":"\"","716":"s","717":"o","718":"u","719":"r","720":"c","721":"e","722":"s","723":"C","724":"o","725":"n","726":"t","727":"e","728":"n","729":"t","730":"\"","731":":","732":"[","733":"\"","734":"<","735":"t","736":"e","737":"m","738":"p","739":"l","740":"a","741":"t","742":"e","743":">","744":"\\","745":"r","746":"\\","747":"n","748":" ","749":" ","750":" ","751":" ","752":"<","753":"d","754":"i","755":"v","756":" ","757":"c","758":"l","759":"a","760":"s","761":"s","762":"=","763":"\\","764":"\"","765":"r","766":"o","767":"w","768":"\\","769":"\"","770":" ","771":"v","772":"-","773":"i","774":"f","775":"=","776":"\\","777":"\"","778":"g","779":"e","780":"t","781":"S","782":"h","783":"o","784":"w","785":"s","786":"B","787":"y","788":"C","789":"a","790":"t","791":"(","792":"c","793":"a","794":"t","795":"e","796":"g","797":"o","798":"r","799":"y","800":"N","801":"a","802":"m","803":"e","804":")","805":"\\","806":"\"","807":">","808":"\\","809":"r","810":"\\","811":"n","812":" ","813":" ","814":" ","815":" ","816":" ","817":" ","818":" ","819":" ","820":"<","821":"d","822":"i","823":"v","824":" ","825":"c","826":"l","827":"a","828":"s","829":"s","830":"=","831":"\\","832":"\"","833":"c","834":"o","835":"l","836":"-","837":"6","838":" ","839":"c","840":"o","841":"l","842":"-","843":"s","844":"m","845":"-","846":"4","847":" ","848":"c","849":"o","850":"l","851":"-","852":"m","853":"d","854":"-","855":"4","856":" ","857":"c","858":"o","859":"l","860":"-","861":"l","862":"g","863":"-","864":"2","865":"\\","866":"\"","867":" ","868":"v","869":"-","870":"f","871":"o","872":"r","873":"=","874":"\\","875":"\"","876":"(","877":"s","878":"h","879":"o","880":"w","881":",","882":" ","883":"i","884":")","885":" ","886":"i","887":"n","888":" ","889":"g","890":"e","891":"t","892":"S","893":"h","894":"o","895":"w","896":"s","897":"B","898":"y","899":"C","900":"a","901":"t","902":"(","903":"c","904":"a","905":"t","906":"e","907":"g","908":"o","909":"r","910":"y","911":"N","912":"a","913":"m","914":"e","915":")","916":"\\","917":"\"","918":" ","919":":","920":"k","921":"e","922":"y","923":"=","924":"\\","925":"\"","926":"i","927":"\\","928":"\"","929":">","930":"\\","931":"r","932":"\\","933":"n","934":" ","935":" ","936":" ","937":" ","938":" ","939":" ","940":" ","941":" ","942":" ","943":" ","944":" ","945":" ","946":"<","947":"c","948":"a","949":"r","950":"d","951":"-","952":"c","953":"o","954":"m","955":"p","956":"o","957":"n","958":"e","959":"n","960":"t","961":" ","962":":","963":"s","964":"h","965":"o","966":"w","967":"D","968":"e","969":"t","970":"a","971":"i","972":"l","973":"s","974":"=","975":"\\","976":"\"","977":"s","978":"h","979":"o","980":"w","981":"\\","982":"\"","983":"/","984":">","985":"\\","986":"r","987":"\\","988":"n","989":" ","990":" ","991":" ","992":" ","993":" ","994":" ","995":" ","996":" ","997":"<","998":"/","999":"d","1000":"i","1001":"v","1002":">","1003":"\\","1004":"r","1005":"\\","1006":"n","1007":" ","1008":" ","1009":" ","1010":" ","1011":"<","1012":"/","1013":"d","1014":"i","1015":"v","1016":">","1017":"\\","1018":"r","1019":"\\","1020":"n","1021":" ","1022":" ","1023":" ","1024":" ","1025":"<","1026":"d","1027":"i","1028":"v","1029":" ","1030":"v","1031":"-","1032":"e","1033":"l","1034":"s","1035":"e","1036":">","1037":"\\","1038":"r","1039":"\\","1040":"n","1041":" ","1042":" ","1043":" ","1044":" ","1045":" ","1046":" ","1047":" ","1048":" ","1049":"<","1050":"p","1051":"a","1052":"g","1053":"e","1054":"-","1055":"n","1056":"o","1057":"t","1058":"-","1059":"f","1060":"o","1061":"u","1062":"n","1063":"d","1064":"/","1065":">","1066":"\\","1067":"r","1068":"\\","1069":"n","1070":" ","1071":" ","1072":" ","1073":" ","1074":"<","1075":"/","1076":"d","1077":"i","1078":"v","1079":">","1080":"\\","1081":"r","1082":"\\","1083":"n","1084":"<","1085":"/","1086":"t","1087":"e","1088":"m","1089":"p","1090":"l","1091":"a","1092":"t","1093":"e","1094":">","1095":"\\","1096":"r","1097":"\\","1098":"n","1099":"\\","1100":"r","1101":"\\","1102":"n","1103":"<","1104":"s","1105":"c","1106":"r","1107":"i","1108":"p","1109":"t","1110":">","1111":"\\","1112":"r","1113":"\\","1114":"n","1115":"i","1116":"m","1117":"p","1118":"o","1119":"r","1120":"t","1121":" ","1122":"{","1123":" ","1124":"m","1125":"a","1126":"p","1127":"G","1128":"e","1129":"t","1130":"t","1131":"e","1132":"r","1133":"s","1134":" ","1135":"}","1136":" ","1137":"f","1138":"r","1139":"o","1140":"m","1141":" ","1142":"'","1143":"v","1144":"u","1145":"e","1146":"x","1147":"'","1148":";","1149":"\\","1150":"r","1151":"\\","1152":"n","1153":"i","1154":"m","1155":"p","1156":"o","1157":"r","1158":"t","1159":" ","1160":"C","1161":"a","1162":"r","1163":"d","1164":"C","1165":"o","1166":"m","1167":"p","1168":"o","1169":"n","1170":"e","1171":"n","1172":"t","1173":" ","1174":"f","1175":"r","1176":"o","1177":"m","1178":" ","1179":"'","1180":".","1181":".","1182":"/","1183":"c","1184":"o","1185":"m","1186":"p","1187":"o","1188":"n","1189":"e","1190":"n","1191":"t","1192":"s","1193":"/","1194":"C","1195":"a","1196":"r","1197":"d","1198":"C","1199":"o","1200":"m","1201":"p","1202":"o","1203":"n","1204":"e","1205":"n","1206":"t","1207":".","1208":"v","1209":"u","1210":"e","1211":"'","1212":"\\","1213":"r","1214":"\\","1215":"n","1216":"i","1217":"m","1218":"p","1219":"o","1220":"r","1221":"t","1222":" ","1223":"P","1224":"a","1225":"g","1226":"e","1227":"N","1228":"o","1229":"t","1230":"F","1231":"o","1232":"u","1233":"n","1234":"d","1235":" ","1236":"f","1237":"r","1238":"o","1239":"m","1240":" ","1241":"'","1242":".","1243":"/","1244":"P","1245":"a","1246":"g","1247":"e","1248":"N","1249":"o","1250":"t","1251":"F","1252":"o","1253":"u","1254":"n","1255":"d","1256":".","1257":"v","1258":"u","1259":"e","1260":"'","1261":";","1262":"\\","1263":"r","1264":"\\","1265":"n","1266":"e","1267":"x","1268":"p","1269":"o","1270":"r","1271":"t","1272":" ","1273":"d","1274":"e","1275":"f","1276":"a","1277":"u","1278":"l","1279":"t","1280":" ","1281":"{","1282":"\\","1283":"r","1284":"\\","1285":"n","1286":" ","1287":" ","1288":" ","1289":" ","1290":"n","1291":"a","1292":"m","1293":"e","1294":":","1295":" ","1296":"'","1297":"V","1298":"i","1299":"e","1300":"w","1301":"C","1302":"a","1303":"t","1304":"e","1305":"g","1306":"o","1307":"r","1308":"y","1309":"'","1310":",","1311":"\\","1312":"r","1313":"\\","1314":"n","1315":" ","1316":" ","1317":" ","1318":" ","1319":"d","1320":"a","1321":"t","1322":"a","1323":"(","1324":")","1325":" ","1326":"{","1327":"\\","1328":"r","1329":"\\","1330":"n","1331":" ","1332":" ","1333":" ","1334":" ","1335":" ","1336":" ","1337":" ","1338":" ","1339":"r","1340":"e","1341":"t","1342":"u","1343":"r","1344":"n","1345":" ","1346":"{","1347":"\\","1348":"r","1349":"\\","1350":"n","1351":" ","1352":" ","1353":" ","1354":" ","1355":" ","1356":" ","1357":" ","1358":" ","1359":" ","1360":" ","1361":" ","1362":" ","1363":"c","1364":"a","1365":"t","1366":"e","1367":"g","1368":"o","1369":"r","1370":"y","1371":"N","1372":"a","1373":"m","1374":"e","1375":":","1376":" ","1377":"\\","1378":"\"","1379":"\\","1380":"\"","1381":",","1382":"\\","1383":"r","1384":"\\","1385":"n","1386":" ","1387":" ","1388":" ","1389":" ","1390":" ","1391":" ","1392":" ","1393":" ","1394":"}","1395":";","1396":"\\","1397":"r","1398":"\\","1399":"n","1400":" ","1401":" ","1402":" ","1403":" ","1404":"}","1405":",","1406":"\\","1407":"r","1408":"\\","1409":"n","1410":" ","1411":" ","1412":" ","1413":" ","1414":"c","1415":"o","1416":"m","1417":"p","1418":"o","1419":"n","1420":"e","1421":"n","1422":"t","1423":"s","1424":":","1425":" ","1426":"{","1427":"\\","1428":"r","1429":"\\","1430":"n","1431":" ","1432":" ","1433":" ","1434":" ","1435":" ","1436":" ","1437":" ","1438":" ","1439":"C","1440":"a","1441":"r","1442":"d","1443":"C","1444":"o","1445":"m","1446":"p","1447":"o","1448":"n","1449":"e","1450":"n","1451":"t","1452":",","1453":"\\","1454":"r","1455":"\\","1456":"n","1457":" ","1458":" ","1459":" ","1460":" ","1461":" ","1462":" ","1463":" ","1464":" ","1465":"P","1466":"a","1467":"g","1468":"e","1469":"N","1470":"o","1471":"t","1472":"F","1473":"o","1474":"u","1475":"n","1476":"d","1477":"\\","1478":"r","1479":"\\","1480":"n","1481":" ","1482":" ","1483":" ","1484":" ","1485":"}","1486":",","1487":"\\","1488":"r","1489":"\\","1490":"n","1491":" ","1492":" ","1493":" ","1494":" ","1495":"c","1496":"o","1497":"m","1498":"p","1499":"u","1500":"t","1501":"e","1502":"d","1503":":","1504":" ","1505":"{","1506":"\\","1507":"r","1508":"\\","1509":"n","1510":" ","1511":" ","1512":" ","1513":" ","1514":" ","1515":" ","1516":" ","1517":" ","1518":".","1519":".","1520":".","1521":"m","1522":"a","1523":"p","1524":"G","1525":"e","1526":"t","1527":"t","1528":"e","1529":"r","1530":"s","1531":"(","1532":"[","1533":"\\","1534":"\"","1535":"g","1536":"e","1537":"t","1538":"S","1539":"h","1540":"o","1541":"w","1542":"s","1543":"B","1544":"y","1545":"C","1546":"a","1547":"t","1548":"\\","1549":"\"","1550":"]","1551":")","1552":",","1553":"\\","1554":"r","1555":"\\","1556":"n","1557":" ","1558":" ","1559":" ","1560":" ","1561":"}","1562":",","1563":"\\","1564":"r","1565":"\\","1566":"n","1567":" ","1568":" ","1569":" ","1570":" ","1571":"a","1572":"s","1573":"y","1574":"n","1575":"c","1576":" ","1577":"c","1578":"r","1579":"e","1580":"a","1581":"t","1582":"e","1583":"d","1584":"(","1585":")","1586":" ","1587":"{","1588":"\\","1589":"r","1590":"\\","1591":"n","1592":" ","1593":" ","1594":" ","1595":" ","1596":" ","1597":" ","1598":" ","1599":" ","1600":"t","1601":"h","1602":"i","1603":"s","1604":".","1605":"c","1606":"a","1607":"t","1608":"e","1609":"g","1610":"o","1611":"r","1612":"y","1613":"N","1614":"a","1615":"m","1616":"e","1617":" ","1618":"=","1619":" ","1620":"a","1621":"w","1622":"a","1623":"i","1624":"t","1625":" ","1626":"t","1627":"h","1628":"i","1629":"s","1630":".","1631":"$","1632":"r","1633":"o","1634":"u","1635":"t","1636":"e","1637":".","1638":"p","1639":"a","1640":"r","1641":"a","1642":"m","1643":"s","1644":".","1645":"g","1646":"e","1647":"n","1648":"r","1649":"e","1650":"N","1651":"a","1652":"m","1653":"e","1654":";","1655":"\\","1656":"r","1657":"\\","1658":"n","1659":" ","1660":" ","1661":" ","1662":" ","1663":"}","1664":",","1665":"\\","1666":"r","1667":"\\","1668":"n","1669":"}","1670":"\\","1671":"r","1672":"\\","1673":"n","1674":"<","1675":"/","1676":"s","1677":"c","1678":"r","1679":"i","1680":"p","1681":"t","1682":">","1683":"\\","1684":"r","1685":"\\","1686":"n","1687":"\\","1688":"r","1689":"\\","1690":"n","1691":"<","1692":"s","1693":"t","1694":"y","1695":"l","1696":"e","1697":" ","1698":"s","1699":"c","1700":"o","1701":"p","1702":"e","1703":"d","1704":">","1705":"\\","1706":"r","1707":"\\","1708":"n","1709":".","1710":"r","1711":"o","1712":"w","1713":" ","1714":"{","1715":"\\","1716":"r","1717":"\\","1718":"n","1719":" ","1720":" ","1721":" ","1722":" ","1723":"m","1724":"a","1725":"r","1726":"g","1727":"i","1728":"n","1729":"-","1730":"l","1731":"e","1732":"f","1733":"t","1734":":","1735":" ","1736":"u","1737":"n","1738":"s","1739":"e","1740":"t","1741":";","1742":"\\","1743":"r","1744":"\\","1745":"n","1746":" ","1747":" ","1748":" ","1749":" ","1750":"m","1751":"a","1752":"r","1753":"g","1754":"i","1755":"n","1756":"-","1757":"r","1758":"i","1759":"g","1760":"h","1761":"t","1762":":","1763":" ","1764":"u","1765":"n","1766":"s","1767":"e","1768":"t","1769":";","1770":"\\","1771":"r","1772":"\\","1773":"n","1774":"}","1775":"\\","1776":"r","1777":"\\","1778":"n","1779":"<","1780":"/","1781":"s","1782":"t","1783":"y","1784":"l","1785":"e","1786":">","1787":"\"","1788":"]","1789":"}"},"_coverageSchema":"1a1c01bbd47fc00a2c39e90264f33305004495a9","hash":"2b793a8d99d575625934c729d2b363b57b4612e3"}
,"C:\\Users\\DELL\\Desktop\\Companies\\Capgemini\\Project\\tv-app-final\\tv-app\\tests\\unit\\mockedData\\mocked-data.js": {"path":"C:\\Users\\DELL\\Desktop\\Companies\\Capgemini\\Project\\tv-app-final\\tv-app\\tests\\unit\\mockedData\\mocked-data.js","statementMap":{"0":{"start":{"line":1,"column":23},"end":{"line":52,"column":1}},"1":{"start":{"line":54,"column":29},"end":{"line":69,"column":1}},"2":{"start":{"line":71,"column":18},"end":{"line":85,"column":1}},"3":{"start":{"line":87,"column":27},"end":{"line":106,"column":1}},"4":{"start":{"line":108,"column":21},"end":{"line":116,"column":1}},"5":{"start":{"line":119,"column":23},"end":{"line":136,"column":1}},"6":{"start":{"line":139,"column":2},"end":{"line":142,"column":3}}},"fnMap":{},"branchMap":{},"s":{"0":6,"1":6,"2":6,"3":6,"4":6,"5":6,"6":6},"f":{},"b":{},"_coverageSchema":"1a1c01bbd47fc00a2c39e90264f33305004495a9","hash":"d05c07334d4613b3928f7a5440e8b990686ecc72"}
}
