TN:
SF:src\App.vue
FN:73,render
FNF:1
FNH:1
FNDA:5,render
DA:4,1
DA:5,1
DA:8,1
DA:57,1
DA:59,1
DA:62,1
DA:63,1
DA:64,1
DA:67,1
DA:70,1
DA:74,5
DA:75,5
DA:76,5
DA:77,5
DA:78,1
LF:15
LH:15
BRDA:77,0,0,0
BRDA:77,0,1,5
BRF:2
BRH:1
end_of_record
TN:
SF:src\components\CardComponent.vue
FN:16,(anonymous_0)
FN:55,render
FN:66,(anonymous_2)
FNF:3
FNH:1
FNDA:0,(anonymous_0)
FNDA:1,render
FNDA:0,(anonymous_2)
DA:4,6
DA:7,6
DA:8,6
DA:17,0
DA:23,6
DA:25,6
DA:28,6
DA:29,6
DA:30,6
DA:33,6
DA:34,6
DA:40,6
DA:44,6
DA:49,6
DA:52,6
DA:56,1
DA:57,1
DA:66,0
DA:77,6
LF:19
LH:17
BRDA:17,0,0,0
BRDA:17,0,1,0
BRDA:73,1,0,0
BRDA:73,1,1,0
BRF:4
BRH:0
end_of_record
TN:
SF:src\components\CastCard.vue
FN:64,render
FN:65,(anonymous_1)
FNF:2
FNH:2
FNDA:2,render
FNDA:4,(anonymous_1)
DA:4,5
DA:7,5
DA:26,5
DA:28,5
DA:31,5
DA:32,5
DA:33,5
DA:36,5
DA:42,5
DA:45,5
DA:48,5
DA:49,5
DA:52,5
DA:55,5
DA:58,5
DA:61,5
DA:65,2
DA:66,4
DA:74,5
LF:19
LH:19
BRDA:65,0,0,2
BRDA:65,0,1,0
BRF:2
BRH:1
end_of_record
TN:
SF:src\components\HeaderComponent.vue
FN:11,(anonymous_0)
FN:17,(anonymous_1)
FN:51,render
FN:57,(anonymous_3)
FN:61,(anonymous_4)
FNF:5
FNH:3
FNDA:10,(anonymous_0)
FNDA:1,(anonymous_1)
FNDA:11,render
FNDA:0,(anonymous_3)
FNDA:0,(anonymous_4)
DA:4,2
DA:7,2
DA:8,2
DA:9,2
DA:12,10
DA:18,1
DA:26,2
DA:28,2
DA:31,2
DA:32,2
DA:33,2
DA:36,2
DA:39,2
DA:47,2
DA:52,11
DA:57,0
DA:61,0
DA:63,2
LF:18
LH:16
BRDA:57,0,0,11
BRDA:57,0,1,10
BRDA:61,1,0,11
BRDA:61,1,1,10
BRF:4
BRH:4
end_of_record
TN:
SF:src\components\ModalComponent.vue
FN:72,render
FNF:1
FNH:1
FNDA:3,render
DA:4,4
DA:5,4
DA:8,4
DA:25,4
DA:27,4
DA:30,4
DA:31,4
DA:32,4
DA:44,4
DA:47,4
DA:50,4
DA:61,4
DA:64,4
DA:73,3
DA:74,3
DA:75,4
LF:16
LH:16
BRF:0
BRH:0
end_of_record
TN:
SF:src\components\PanelComponent.vue
FN:40,render
FN:42,(anonymous_1)
FNF:2
FNH:2
FNDA:4,render
FNDA:12,(anonymous_1)
DA:4,4
DA:5,4
DA:8,4
DA:30,4
DA:32,4
DA:35,4
DA:36,4
DA:37,4
DA:41,4
DA:42,4
DA:43,12
DA:50,4
LF:12
LH:12
BRF:0
BRH:0
end_of_record
TN:
SF:src\services\index.js
FN:3,(anonymous_0)
FN:4,(anonymous_1)
FN:7,(anonymous_2)
FN:8,(anonymous_3)
FN:11,(anonymous_4)
FN:12,(anonymous_5)
FN:15,(anonymous_6)
FN:16,(anonymous_7)
FN:19,(anonymous_8)
FN:20,(anonymous_9)
FNF:10
FNH:0
FNDA:0,(anonymous_0)
FNDA:0,(anonymous_1)
FNDA:0,(anonymous_2)
FNDA:0,(anonymous_3)
FNDA:0,(anonymous_4)
FNDA:0,(anonymous_5)
FNDA:0,(anonymous_6)
FNDA:0,(anonymous_7)
FNDA:0,(anonymous_8)
FNDA:0,(anonymous_9)
DA:3,0
DA:4,0
DA:7,0
DA:8,0
DA:11,0
DA:12,0
DA:15,0
DA:16,0
DA:19,0
DA:20,0
LF:10
LH:0
BRF:0
BRH:0
end_of_record
TN:
SF:src\services\common\index.js
FNF:0
FNH:0
DA:3,0
DA:5,0
DA:10,0
LF:3
LH:0
BRF:0
BRH:0
end_of_record
TN:
SF:src\store\actions.js
FN:4,(anonymous_0)
FN:12,(anonymous_1)
FN:13,(anonymous_2)
FN:18,(anonymous_3)
FN:20,(anonymous_4)
FN:36,(anonymous_5)
FN:37,(anonymous_6)
FN:44,(anonymous_7)
FN:52,(anonymous_8)
FN:61,(anonymous_9)
FN:69,(anonymous_10)
FN:76,(anonymous_11)
FN:91,(anonymous_12)
FNF:13
FNH:0
FNDA:0,(anonymous_0)
FNDA:0,(anonymous_1)
FNDA:0,(anonymous_2)
FNDA:0,(anonymous_3)
FNDA:0,(anonymous_4)
FNDA:0,(anonymous_5)
FNDA:0,(anonymous_6)
FNDA:0,(anonymous_7)
FNDA:0,(anonymous_8)
FNDA:0,(anonymous_9)
FNDA:0,(anonymous_10)
FNDA:0,(anonymous_11)
FNDA:0,(anonymous_12)
DA:5,0
DA:6,0
DA:7,0
DA:9,0
DA:13,0
DA:14,0
DA:16,0
DA:17,0
DA:18,0
DA:19,0
DA:20,0
DA:21,0
DA:22,0
DA:25,0
DA:26,0
DA:30,0
DA:34,0
DA:37,0
DA:38,0
DA:39,0
DA:40,0
DA:41,0
DA:42,0
DA:44,0
DA:45,0
DA:46,0
DA:47,0
DA:49,0
DA:50,0
DA:53,0
DA:54,0
DA:55,0
DA:57,0
DA:59,0
DA:62,0
DA:63,0
DA:64,0
DA:66,0
DA:70,0
DA:71,0
DA:72,0
DA:73,0
DA:74,0
DA:75,0
DA:76,0
DA:77,0
DA:78,0
DA:81,0
DA:82,0
DA:86,0
DA:88,0
DA:92,0
DA:93,0
DA:94,0
DA:96,0
LF:55
LH:0
BRDA:14,0,0,0
BRDA:14,0,1,0
BRDA:19,1,0,0
BRDA:19,1,1,0
BRDA:21,2,0,0
BRDA:21,2,1,0
BRDA:40,3,0,0
BRDA:40,3,1,0
BRDA:41,4,0,0
BRDA:41,4,1,0
BRDA:45,5,0,0
BRDA:45,5,1,0
BRDA:46,6,0,0
BRDA:46,6,1,0
BRDA:74,7,0,0
BRDA:74,7,1,0
BRDA:74,8,0,0
BRDA:74,8,1,0
BRDA:74,8,2,0
BRDA:74,8,3,0
BRDA:77,9,0,0
BRDA:77,9,1,0
BRDA:77,10,0,0
BRDA:77,10,1,0
BRDA:81,11,0,0
BRDA:81,11,1,0
BRF:26
BRH:0
end_of_record
TN:
SF:src\store\getters.js
FN:2,(anonymous_0)
FN:2,(anonymous_1)
FN:3,(anonymous_2)
FNF:3
FNH:0
FNDA:0,(anonymous_0)
FNDA:0,(anonymous_1)
FNDA:0,(anonymous_2)
DA:2,0
DA:3,0
DA:4,0
LF:3
LH:0
BRF:0
BRH:0
end_of_record
TN:
SF:src\store\index.js
FNF:0
FNH:0
LF:0
LH:0
BRF:0
BRH:0
end_of_record
TN:
SF:src\store\mutations.js
FN:2,(anonymous_0)
FN:5,(anonymous_1)
FN:8,(anonymous_2)
FN:11,(anonymous_3)
FN:14,(anonymous_4)
FN:17,(anonymous_5)
FN:20,(anonymous_6)
FNF:7
FNH:0
FNDA:0,(anonymous_0)
FNDA:0,(anonymous_1)
FNDA:0,(anonymous_2)
FNDA:0,(anonymous_3)
FNDA:0,(anonymous_4)
FNDA:0,(anonymous_5)
FNDA:0,(anonymous_6)
DA:3,0
DA:6,0
DA:9,0
DA:12,0
DA:15,0
DA:18,0
DA:21,0
LF:7
LH:0
BRF:0
BRH:0
end_of_record
TN:
SF:src\store\state.js
FNF:0
FNH:0
LF:0
LH:0
BRF:0
BRH:0
end_of_record
TN:
SF:src\views\DashboardPage.vue
FN:56,render
FN:60,(anonymous_1)
FN:73,(anonymous_2)
FNF:3
FNH:3
FNDA:1,render
FNDA:2,(anonymous_1)
FNDA:2,(anonymous_2)
DA:4,3
DA:5,3
DA:8,3
DA:42,3
DA:44,3
DA:47,3
DA:48,3
DA:49,3
DA:52,3
DA:57,1
DA:58,1
DA:59,1
DA:60,1
DA:61,2
DA:73,2
DA:79,3
LF:16
LH:16
BRF:0
BRH:0
end_of_record
TN:
SF:src\views\PageNotFound.vue
FN:49,render
FN:51,(anonymous_1)
FNF:2
FNH:1
FNDA:6,render
FNDA:0,(anonymous_1)
DA:4,4
DA:7,4
DA:8,4
DA:36,4
DA:38,4
DA:41,4
DA:42,4
DA:43,4
DA:46,4
DA:50,6
DA:52,0
DA:56,4
LF:12
LH:11
BRDA:51,0,0,6
BRDA:51,0,1,6
BRDA:52,1,0,0
BRDA:52,1,1,0
BRF:4
BRH:2
end_of_record
TN:
SF:src\views\SearchResults.vue
FN:65,render
FN:67,(anonymous_1)
FNF:2
FNH:2
FNDA:2,render
FNDA:6,(anonymous_1)
DA:4,3
DA:5,3
DA:8,3
DA:54,3
DA:56,3
DA:59,3
DA:60,3
DA:61,3
DA:66,2
DA:67,2
DA:68,6
DA:75,3
LF:12
LH:12
BRDA:67,0,0,2
BRDA:67,0,1,0
BRF:2
BRH:1
end_of_record
TN:
SF:src\views\ShowDetails.vue
FN:103,render
FN:116,(anonymous_1)
FNF:2
FNH:1
FNDA:4,render
FNDA:0,(anonymous_1)
DA:4,3
DA:5,3
DA:8,3
DA:59,3
DA:61,3
DA:64,3
DA:65,3
DA:66,3
DA:70,3
DA:76,3
DA:77,3
DA:80,3
DA:84,3
DA:85,3
DA:88,3
DA:91,3
DA:94,3
DA:97,3
DA:98,3
DA:101,3
DA:102,3
DA:104,4
DA:105,4
DA:116,0
DA:121,3
LF:25
LH:24
BRDA:105,0,0,2
BRDA:105,0,1,2
BRDA:105,1,0,2
BRDA:105,1,1,0
BRDA:105,2,0,2
BRDA:105,2,1,2
BRDA:109,3,0,2
BRDA:109,3,1,0
BRDA:109,4,0,2
BRDA:109,4,1,0
BRDA:109,5,0,2
BRDA:109,5,1,2
BRDA:109,6,0,2
BRDA:109,6,1,0
BRDA:116,7,0,2
BRDA:116,7,1,2
BRF:16
BRH:12
end_of_record
TN:
SF:src\views\ViewCategory.vue
FN:67,render
FN:70,(anonymous_1)
FNF:2
FNH:1
FNDA:4,render
FNDA:0,(anonymous_1)
DA:4,3
DA:5,3
DA:8,3
DA:53,3
DA:55,3
DA:58,3
DA:59,3
DA:60,3
DA:64,3
DA:68,4
DA:69,4
DA:70,4
DA:71,0
DA:78,3
LF:14
LH:13
BRDA:70,0,0,0
BRDA:70,0,1,4
BRF:2
BRH:1
end_of_record
TN:
SF:tests\unit\mockedData\mocked-data.js
FNF:0
FNH:0
DA:1,6
DA:54,6
DA:71,6
DA:87,6
DA:108,6
DA:119,6
DA:139,6
LF:7
LH:7
BRF:0
BRH:0
end_of_record
